[2024-01-18 08:28:38]
select * from [ticket_types] where [is_delete] = ? and [type] != ? and [ticket_types].[deleted_at] is null [0, 1]

[2024-01-18 14:29:29]
select top 1 * from [users] where [user_name] = ? and [is_delete] = ? and [users].[deleted_at] is null [admin, 0]

[2024-01-18 14:29:30]
select top 1 * from [users] where [id] = ? and [users].[deleted_at] is null [1]

[2024-01-18 14:29:30]
select * from [ticket_types] where [is_delete] = ? and [ticket_types].[deleted_at] is null [0]

[2024-01-18 14:29:30]
select * from [orders] where [is_delete] = ? and [created_at] >= ? and [created_at] <= ? and [payment_status] = ? and [orders].[deleted_at] is null [0, 2024-01-01 00:00:00, 2024-01-31 23:59:59, 2]

[2024-01-18 14:29:30]
select * from [payment_status] where [payment_status].[order_id] in (?, ?, ?, ?, ?, ?, ?, ?, ?, ?, ?, ?, ?, ?, ?) and [payment_status].[deleted_at] is null [04AC31A4-FCB9-B774-5AD4-EDC6C2850D0F, 05C643AE-C5FC-75CF-3B18-4CBD4A058D2A, 21E5CE5D-C27A-32BA-9E10-EFEE7425D52D, 2912437F-215A-9BD6-6552-49AFB8DA7875, 345E7610-851A-8DEE-19EA-5C6D6196EC30, 54052077-EFDB-E2CE-56C2-26781D922F8B, 547DF961-12BC-97C0-46EB-D1AD9AF832EB, 5752922F-E0C4-2DC6-4771-0523E1FB1EE6, 9E695DCE-0F2D-A62E-2FA0-0524DE407C31, A046ECCB-54A6-193E-5848-6F4C413EEB95, A8F7134A-968C-8FDF-D0AB-AA1811169AED, AFBD8E2A-4E96-070D-27DF-AF48F538A61C, BB3C156F-8B4C-0A14-726E-042B54432F2F, C247CE1B-138D-35F8-3706-CEC24D3C39F3, EEDC87B2-869A-C0BA-E3A9-DBCACAB2F472]

[2024-01-18 14:29:30]
select * from [tickets] where [is_delete] = ? and [status] = ? and [created_at] >= ? and [created_at] <= ? and [tickets].[deleted_at] is null [0, 1, 2024-01-01 00:00:00, 2024-01-31 23:59:59]

[2024-01-18 14:29:31]
select top 1 1 [exists] from [oauth_personal_access_clients] []

[2024-01-18 14:29:31]
select top 1 * from [oauth_personal_access_clients] order by [id] desc []

[2024-01-18 14:29:31]
select top 1 * from [oauth_clients] where [oauth_clients].[id] = ? [3]

[2024-01-18 14:29:31]
select top 1 * from [oauth_clients] where [id] = ? [3]

[2024-01-18 14:29:31]
select top 1 * from [oauth_clients] where [id] = ? [3]

[2024-01-18 14:29:31]
insert into [oauth_access_tokens] ([id], [user_id], [client_id], [scopes], [revoked], [created_at], [updated_at], [expires_at]) values (?, ?, ?, ?, ?, ?, ?, ?) [0bc5c105335ce6abe9d5b6ff2842c5305dc4aaeae1d706df40e6ec452e972fa8cb4ea05069ae4fa0, 1, 3, [], , 2024-01-18 14:29:31.932, 2024-01-18 14:29:31.932, 2025-01-18 14:29:31.931]

[2024-01-18 14:29:32]
select top 1 * from [oauth_access_tokens] where [id] = ? [0bc5c105335ce6abe9d5b6ff2842c5305dc4aaeae1d706df40e6ec452e972fa8cb4ea05069ae4fa0]

[2024-01-18 14:29:32]
update [oauth_access_tokens] set [name] = ?, [oauth_access_tokens].[updated_at] = ? where [id] = ? [bao-tang-vu-tru, 2024-01-18 14:29:32.209, 0bc5c105335ce6abe9d5b6ff2842c5305dc4aaeae1d706df40e6ec452e972fa8cb4ea05069ae4fa0]

[2024-01-18 14:29:32]
select * from [permissions] []

[2024-01-18 14:29:32]
select [roles].*, [role_has_permissions].[permission_id] as [pivot_permission_id], [role_has_permissions].[role_id] as [pivot_role_id] from [roles] inner join [role_has_permissions] on [roles].[id] = [role_has_permissions].[role_id] where [role_has_permissions].[permission_id] in (1, 2, 3, 4, 5, 6, 7, 8, 9, 10, 11, 12, 13, 14, 15, 16, 17, 18, 19, 20, 21, 22, 10030, 10031, 10032, 10033, 10034, 20029, 20030, 20031, 20032, 20034, 20035, 20036, 20037, 20039) []

[2024-01-18 14:29:32]
select [permissions].*, [model_has_permissions].[model_id] as [pivot_model_id], [model_has_permissions].[permission_id] as [pivot_permission_id], [model_has_permissions].[model_type] as [pivot_model_type] from [permissions] inner join [model_has_permissions] on [permissions].[id] = [model_has_permissions].[permission_id] where [model_has_permissions].[model_id] = ? and [model_has_permissions].[model_type] = ? [1, App\Models\User]

[2024-01-18 14:29:32]
select [roles].*, [model_has_roles].[model_id] as [pivot_model_id], [model_has_roles].[role_id] as [pivot_role_id], [model_has_roles].[model_type] as [pivot_model_type] from [roles] inner join [model_has_roles] on [roles].[id] = [model_has_roles].[role_id] where [model_has_roles].[model_id] in (?) and [model_has_roles].[model_type] = ? [1, App\Models\User]

[2024-01-18 14:29:33]
select top 1 * from [users] where [id] = ? and [users].[deleted_at] is null [1]

[2024-01-18 14:29:33]
select * from [orders] where [is_delete] = ? and [created_at] >= ? and [created_at] <= ? and [payment_status] = ? and [orders].[deleted_at] is null [0, 2024-01-01 00:00:00, 2024-01-31 23:59:59, 2]

[2024-01-18 14:29:33]
select * from [payment_status] where [payment_status].[order_id] in (?, ?, ?, ?, ?, ?, ?, ?, ?, ?, ?, ?, ?, ?, ?) and [payment_status].[deleted_at] is null [04AC31A4-FCB9-B774-5AD4-EDC6C2850D0F, 05C643AE-C5FC-75CF-3B18-4CBD4A058D2A, 21E5CE5D-C27A-32BA-9E10-EFEE7425D52D, 2912437F-215A-9BD6-6552-49AFB8DA7875, 345E7610-851A-8DEE-19EA-5C6D6196EC30, 54052077-EFDB-E2CE-56C2-26781D922F8B, 547DF961-12BC-97C0-46EB-D1AD9AF832EB, 5752922F-E0C4-2DC6-4771-0523E1FB1EE6, 9E695DCE-0F2D-A62E-2FA0-0524DE407C31, A046ECCB-54A6-193E-5848-6F4C413EEB95, A8F7134A-968C-8FDF-D0AB-AA1811169AED, AFBD8E2A-4E96-070D-27DF-AF48F538A61C, BB3C156F-8B4C-0A14-726E-042B54432F2F, C247CE1B-138D-35F8-3706-CEC24D3C39F3, EEDC87B2-869A-C0BA-E3A9-DBCACAB2F472]

[2024-01-18 14:30:42]
select top 1 * from [users] where [id] = ? and [users].[deleted_at] is null [1]

[2024-01-18 14:30:42]
select * from [tickets] where [is_delete] = ? and [tickets].[deleted_at] is null [0]

[2024-01-18 14:30:42]
select count(*) as aggregate from [tickets] where [is_delete] = ? and [use_date] = ? and [tickets].[deleted_at] is null [0, 2024-01-18]

[2024-01-18 14:30:43]
select top 1 1 [exists] from [oauth_personal_access_clients] []

[2024-01-18 14:30:43]
select top 1 * from [oauth_personal_access_clients] order by [id] desc []

[2024-01-18 14:30:43]
select top 1 * from [oauth_clients] where [oauth_clients].[id] = ? [3]

[2024-01-18 14:30:43]
select top 1 * from [oauth_clients] where [id] = ? [3]

[2024-01-18 14:30:43]
select top 1 * from [oauth_clients] where [id] = ? [3]

[2024-01-18 14:30:43]
insert into [oauth_access_tokens] ([id], [user_id], [client_id], [scopes], [revoked], [created_at], [updated_at], [expires_at]) values (?, ?, ?, ?, ?, ?, ?, ?) [9f81a0dd15ca8921d34bea8376cce94a2429ee81d9a11a2f1ca131f8f04cb53318ecabb38f0a8df3, 1, 3, [], , 2024-01-18 14:30:43.087, 2024-01-18 14:30:43.087, 2025-01-18 14:30:43.087]

[2024-01-18 14:30:43]
select top 1 * from [oauth_access_tokens] where [id] = ? [9f81a0dd15ca8921d34bea8376cce94a2429ee81d9a11a2f1ca131f8f04cb53318ecabb38f0a8df3]

[2024-01-18 14:30:43]
update [oauth_access_tokens] set [name] = ?, [oauth_access_tokens].[updated_at] = ? where [id] = ? [bao-tang-vu-tru, 2024-01-18 14:30:43.120, 9f81a0dd15ca8921d34bea8376cce94a2429ee81d9a11a2f1ca131f8f04cb53318ecabb38f0a8df3]

[2024-01-18 14:30:43]
select [permissions].*, [model_has_permissions].[model_id] as [pivot_model_id], [model_has_permissions].[permission_id] as [pivot_permission_id], [model_has_permissions].[model_type] as [pivot_model_type] from [permissions] inner join [model_has_permissions] on [permissions].[id] = [model_has_permissions].[permission_id] where [model_has_permissions].[model_id] = ? and [model_has_permissions].[model_type] = ? [1, App\Models\User]

[2024-01-18 14:30:43]
select [roles].*, [model_has_roles].[model_id] as [pivot_model_id], [model_has_roles].[role_id] as [pivot_role_id], [model_has_roles].[model_type] as [pivot_model_type] from [roles] inner join [model_has_roles] on [roles].[id] = [model_has_roles].[role_id] where [model_has_roles].[model_id] in (?) and [model_has_roles].[model_type] = ? [1, App\Models\User]

[2024-01-18 14:30:45]
select top 1 * from [users] where [id] = ? and [users].[deleted_at] is null [1]

[2024-01-18 14:30:45]
select * from [ticket_types] where [is_delete] = ? and [type] != ? and [ticket_types].[deleted_at] is null [0, 2]

[2024-01-18 14:30:45]
select * from [users] where [is_delete] = ? and [users].[deleted_at] is null [0]

[2024-01-18 14:30:45]
select top 1 1 [exists] from [oauth_personal_access_clients] []

[2024-01-18 14:30:45]
select top 1 * from [oauth_personal_access_clients] order by [id] desc []

[2024-01-18 14:30:45]
select top 1 * from [oauth_clients] where [oauth_clients].[id] = ? [3]

[2024-01-18 14:30:45]
select top 1 * from [oauth_clients] where [id] = ? [3]

[2024-01-18 14:30:45]
select top 1 * from [oauth_clients] where [id] = ? [3]

[2024-01-18 14:30:45]
insert into [oauth_access_tokens] ([id], [user_id], [client_id], [scopes], [revoked], [created_at], [updated_at], [expires_at]) values (?, ?, ?, ?, ?, ?, ?, ?) [176c368911b9910c225db641e81482b603a578d2d15e3d38bed232e2bcf7c9ca493c40cef22bc725, 1, 3, [], , 2024-01-18 14:30:45.374, 2024-01-18 14:30:45.374, 2025-01-18 14:30:45.374]

[2024-01-18 14:30:45]
select top 1 * from [oauth_access_tokens] where [id] = ? [176c368911b9910c225db641e81482b603a578d2d15e3d38bed232e2bcf7c9ca493c40cef22bc725]

[2024-01-18 14:30:45]
update [oauth_access_tokens] set [name] = ?, [oauth_access_tokens].[updated_at] = ? where [id] = ? [bao-tang-vu-tru, 2024-01-18 14:30:45.404, 176c368911b9910c225db641e81482b603a578d2d15e3d38bed232e2bcf7c9ca493c40cef22bc725]

[2024-01-18 14:30:45]
select [permissions].*, [model_has_permissions].[model_id] as [pivot_model_id], [model_has_permissions].[permission_id] as [pivot_permission_id], [model_has_permissions].[model_type] as [pivot_model_type] from [permissions] inner join [model_has_permissions] on [permissions].[id] = [model_has_permissions].[permission_id] where [model_has_permissions].[model_id] = ? and [model_has_permissions].[model_type] = ? [1, App\Models\User]

[2024-01-18 14:30:45]
select [roles].*, [model_has_roles].[model_id] as [pivot_model_id], [model_has_roles].[role_id] as [pivot_role_id], [model_has_roles].[model_type] as [pivot_model_type] from [roles] inner join [model_has_roles] on [roles].[id] = [model_has_roles].[role_id] where [model_has_roles].[model_id] in (?) and [model_has_roles].[model_type] = ? [1, App\Models\User]

[2024-01-18 14:30:48]
select top 1 * from [ticket_types] where [is_delete] = ? and [ticket_types].[id] = ? and [ticket_types].[deleted_at] is null [0, 22906AB6-7B69-DB41-453F-03DC181E7CD7]

[2024-01-18 14:30:48]
select * from [maps] where [is_delete] = ? and [ticket_type_id] = ? and [maps].[deleted_at] is null [0, 22906AB6-7B69-DB41-453F-03DC181E7CD7]

[2024-01-18 14:30:48]
select * from [services] where [services].[id] in (?, ?) and [services].[deleted_at] is null [9149B7E3-22AE-45E3-9DF0-64BFC4876AA2, A6DCCAC1-A53F-16C4-634B-837B3F5E890E]

[2024-01-18 14:30:48]
select * from [fun_spots] where [fun_spots].[id] in (?, ?) and [fun_spots].[deleted_at] is null [9149B7E3-22AE-45E3-9DF0-64BFC4876AA2, A6DCCAC1-A53F-16C4-634B-837B3F5E890E]

[2024-01-18 14:30:48]
select * from [areas] where [areas].[id] in (?) and [areas].[deleted_at] is null [A6DCCAC1-A53F-16C4-634B-837B3F5E890E]

[2024-01-18 14:30:48]
select * from [areas] where [areas].[id] in (?, ?) and [areas].[deleted_at] is null [9149B7E3-22AE-45E3-9DF0-64BFC4876AA2, A6DCCAC1-A53F-16C4-634B-837B3F5E890E]

[2024-01-18 14:30:51]
select top 1 * from [ticket_types] where [is_delete] = ? and [ticket_types].[id] = ? and [ticket_types].[deleted_at] is null [0, 22906AB6-7B69-DB41-453F-03DC181E7CD7]

[2024-01-18 14:30:51]
select * from [maps] where [is_delete] = ? and [ticket_type_id] = ? and [maps].[deleted_at] is null [0, 22906AB6-7B69-DB41-453F-03DC181E7CD7]

[2024-01-18 14:30:51]
select * from [services] where [services].[id] in (?, ?) and [services].[deleted_at] is null [9149B7E3-22AE-45E3-9DF0-64BFC4876AA2, A6DCCAC1-A53F-16C4-634B-837B3F5E890E]

[2024-01-18 14:30:51]
select * from [fun_spots] where [fun_spots].[id] in (?, ?) and [fun_spots].[deleted_at] is null [9149B7E3-22AE-45E3-9DF0-64BFC4876AA2, A6DCCAC1-A53F-16C4-634B-837B3F5E890E]

[2024-01-18 14:30:51]
select * from [areas] where [areas].[id] in (?) and [areas].[deleted_at] is null [A6DCCAC1-A53F-16C4-634B-837B3F5E890E]

[2024-01-18 14:30:51]
select * from [areas] where [areas].[id] in (?, ?) and [areas].[deleted_at] is null [9149B7E3-22AE-45E3-9DF0-64BFC4876AA2, A6DCCAC1-A53F-16C4-634B-837B3F5E890E]

[2024-01-18 14:31:04]
select top 1 * from [users] where [id] = ? and [users].[deleted_at] is null [1]

[2024-01-18 14:31:04]
select top 1 * from [ticket_types] where [is_delete] = ? and [ticket_types].[id] = ? and [ticket_types].[deleted_at] is null [0, 44627B51-B377-0ACC-06AE-BD8D8336AA91]

[2024-01-18 14:31:04]
insert into [tickets] ([id], [ticket_type_name], [ticket_type_id], [use_date], [order_id], [code], [price], [qr_code], [status], [updated_at], [created_at]) values (?, ?, ?, ?, ?, ?, ?, ?, ?, ?, ?) [D701A7CC-E1FD-3ABE-A889-17F709ED3788, CÆ°á»ng test 2, 44627B51-B377-0ACC-06AE-BD8D8336AA91, 2024-01-18, 46939CF4-692D-647A-DBA2-CC9034140ACF, 1M2E4EJY, 10000, , 1, 2024-01-18 14:31:04.302, 2024-01-18 14:31:04.302]

[2024-01-18 14:31:04]
insert into [orders] ([id], [code_order], [created_by], [type], [note], [payment_status], [real_amount], [amount], [updated_at], [created_at]) values (?, ?, ?, ?, ?, ?, ?, ?, ?, ?) [46939CF4-692D-647A-DBA2-CC9034140ACF, 53U1N8FDDM, 1, 1, , 2, 10000, 10000, 2024-01-18 14:31:04.335, 2024-01-18 14:31:04.335]

[2024-01-18 14:31:04]
insert into [payment_status] ([id], [status], [note], [order_id], [updated_at], [created_at]) values (?, ?, ?, ?, ?, ?) [5581DE92-1787-24AD-156D-E40EF13BA2FD, 2, , 46939CF4-692D-647A-DBA2-CC9034140ACF, 2024-01-18 14:31:04.357, 2024-01-18 14:31:04.357]

[2024-01-18 14:31:04]
select top 1 * from [users] where [id] = ? and [users].[deleted_at] is null [1]

[2024-01-18 14:31:04]
select * from [orders] where [is_delete] = ? and [orders].[deleted_at] is null [0]

[2024-01-18 14:31:04]
select * from [orders] where [is_delete] = ? and [orders].[deleted_at] is null [0]

[2024-01-18 14:31:04]
select * from [users] where [is_delete] = ? and [users].[deleted_at] is null [0]

[2024-01-18 14:31:04]
select count(*) as aggregate from [orders] where [is_delete] = ? and [created_at] >= ? and [created_at] <= ? and [orders].[deleted_at] is null [0, 2024-01-18 00:00:00, 2024-01-18 23:59:59.999]

[2024-01-18 14:31:04]
select top 30 * from [orders] where [is_delete] = ? and [created_at] >= ? and [created_at] <= ? and [orders].[deleted_at] is null order by [updated_at] desc [0, 2024-01-18 00:00:00, 2024-01-18 23:59:59.999]

[2024-01-18 14:31:04]
select top 1 * from [users] where [users].[id] = ? and [users].[deleted_at] is null [1]

[2024-01-18 14:31:04]
select top 1 1 [exists] from [oauth_personal_access_clients] []

[2024-01-18 14:31:04]
select top 1 * from [oauth_personal_access_clients] order by [id] desc []

[2024-01-18 14:31:04]
select top 1 * from [oauth_clients] where [oauth_clients].[id] = ? [3]

[2024-01-18 14:31:04]
select top 1 * from [oauth_clients] where [id] = ? [3]

[2024-01-18 14:31:04]
select top 1 * from [oauth_clients] where [id] = ? [3]

[2024-01-18 14:31:04]
insert into [oauth_access_tokens] ([id], [user_id], [client_id], [scopes], [revoked], [created_at], [updated_at], [expires_at]) values (?, ?, ?, ?, ?, ?, ?, ?) [5759c5cca05dea465f1d873536fb5372d49451abe1773dce2766e8606fb589db5ffcbf2e2334e8f3, 1, 3, [], , 2024-01-18 14:31:04.949, 2024-01-18 14:31:04.949, 2025-01-18 14:31:04.949]

[2024-01-18 14:31:04]
select top 1 * from [oauth_access_tokens] where [id] = ? [5759c5cca05dea465f1d873536fb5372d49451abe1773dce2766e8606fb589db5ffcbf2e2334e8f3]

[2024-01-18 14:31:04]
update [oauth_access_tokens] set [name] = ?, [oauth_access_tokens].[updated_at] = ? where [id] = ? [bao-tang-vu-tru, 2024-01-18 14:31:04.985, 5759c5cca05dea465f1d873536fb5372d49451abe1773dce2766e8606fb589db5ffcbf2e2334e8f3]

[2024-01-18 14:31:05]
select [permissions].*, [model_has_permissions].[model_id] as [pivot_model_id], [model_has_permissions].[permission_id] as [pivot_permission_id], [model_has_permissions].[model_type] as [pivot_model_type] from [permissions] inner join [model_has_permissions] on [permissions].[id] = [model_has_permissions].[permission_id] where [model_has_permissions].[model_id] = ? and [model_has_permissions].[model_type] = ? [1, App\Models\User]

[2024-01-18 14:31:05]
select [roles].*, [model_has_roles].[model_id] as [pivot_model_id], [model_has_roles].[role_id] as [pivot_role_id], [model_has_roles].[model_type] as [pivot_model_type] from [roles] inner join [model_has_roles] on [roles].[id] = [model_has_roles].[role_id] where [model_has_roles].[model_id] in (?) and [model_has_roles].[model_type] = ? [1, App\Models\User]

[2024-01-18 14:31:10]
select top 1 * from [users] where [id] = ? and [users].[deleted_at] is null [1]

[2024-01-18 14:31:10]
select top 1 * from [orders] where [is_delete] = ? and [orders].[id] = ? and [orders].[deleted_at] is null [0, 46939CF4-692D-647A-DBA2-CC9034140ACF]

[2024-01-18 14:31:10]
select * from [tickets] where [tickets].[order_id] = ? and [tickets].[order_id] is not null and [tickets].[deleted_at] is null [46939CF4-692D-647A-DBA2-CC9034140ACF]

[2024-01-18 14:31:17]
select top 1 * from [users] where [id] = ? and [users].[deleted_at] is null [1]

[2024-01-18 14:31:17]
select top 1 * from [orders] where [is_delete] = ? and [orders].[id] = ? and [orders].[deleted_at] is null [0, 46939CF4-692D-647A-DBA2-CC9034140ACF]

[2024-01-18 14:31:17]
select * from [tickets] where [tickets].[order_id] = ? and [tickets].[order_id] is not null and [tickets].[deleted_at] is null [46939CF4-692D-647A-DBA2-CC9034140ACF]

[2024-01-18 14:31:17]
select * from [maps] where [maps].[ticket_type_id] = ? and [maps].[ticket_type_id] is not null and [maps].[deleted_at] is null [44627B51-B377-0ACC-06AE-BD8D8336AA91]

[2024-01-18 14:31:17]
select top 1 * from [areas] where [areas].[id] = ? and [areas].[id] is not null and [areas].[deleted_at] is null [D4A3F128-6F7E-0033-4B43-F6938292FFCC]

[2024-01-18 14:31:17]
select top 1 * from [services] where [services].[id] = ? and [services].[id] is not null and [services].[deleted_at] is null [ED5EED60-2B07-2B65-5C05-14F6AAC80206]

[2024-01-18 14:31:17]
select top 1 * from [fun_spots] where [fun_spots].[id] = ? and [fun_spots].[id] is not null and [fun_spots].[deleted_at] is null [431F27E9-5E8F-0CC1-1AEE-3D554407F936]

[2024-01-18 14:56:37]
select top 1 * from [users] where [id] = ? and [users].[deleted_at] is null [1]

[2024-01-18 14:56:37]
select * from [ticket_types] where [is_delete] = ? and [type] != ? and [ticket_types].[deleted_at] is null [0, 2]

[2024-01-18 14:56:37]
select * from [users] where [is_delete] = ? and [users].[deleted_at] is null [0]

[2024-01-18 14:56:37]
select top 1 1 [exists] from [oauth_personal_access_clients] []

[2024-01-18 14:56:37]
select top 1 * from [oauth_personal_access_clients] order by [id] desc []

[2024-01-18 14:56:37]
select top 1 * from [oauth_clients] where [oauth_clients].[id] = ? [3]

[2024-01-18 14:56:37]
select top 1 * from [oauth_clients] where [id] = ? [3]

[2024-01-18 14:56:37]
select top 1 * from [oauth_clients] where [id] = ? [3]

[2024-01-18 14:56:37]
insert into [oauth_access_tokens] ([id], [user_id], [client_id], [scopes], [revoked], [created_at], [updated_at], [expires_at]) values (?, ?, ?, ?, ?, ?, ?, ?) [6aeccdd32bae79079ead7b285dee02f56a7eaa0df0049256ef02a5653f56afc76f8eb13f35b22929, 1, 3, [], , 2024-01-18 14:56:37.321, 2024-01-18 14:56:37.321, 2025-01-18 14:56:37.321]

[2024-01-18 14:56:37]
select top 1 * from [oauth_access_tokens] where [id] = ? [6aeccdd32bae79079ead7b285dee02f56a7eaa0df0049256ef02a5653f56afc76f8eb13f35b22929]

[2024-01-18 14:56:37]
update [oauth_access_tokens] set [name] = ?, [oauth_access_tokens].[updated_at] = ? where [id] = ? [bao-tang-vu-tru, 2024-01-18 14:56:37.364, 6aeccdd32bae79079ead7b285dee02f56a7eaa0df0049256ef02a5653f56afc76f8eb13f35b22929]

[2024-01-18 14:56:37]
select [permissions].*, [model_has_permissions].[model_id] as [pivot_model_id], [model_has_permissions].[permission_id] as [pivot_permission_id], [model_has_permissions].[model_type] as [pivot_model_type] from [permissions] inner join [model_has_permissions] on [permissions].[id] = [model_has_permissions].[permission_id] where [model_has_permissions].[model_id] = ? and [model_has_permissions].[model_type] = ? [1, App\Models\User]

[2024-01-18 14:56:37]
select [roles].*, [model_has_roles].[model_id] as [pivot_model_id], [model_has_roles].[role_id] as [pivot_role_id], [model_has_roles].[model_type] as [pivot_model_type] from [roles] inner join [model_has_roles] on [roles].[id] = [model_has_roles].[role_id] where [model_has_roles].[model_id] in (?) and [model_has_roles].[model_type] = ? [1, App\Models\User]

[2024-01-18 14:56:45]
select top 1 * from [users] where [id] = ? and [users].[deleted_at] is null [1]

[2024-01-18 14:56:45]
select count(*) as aggregate from [areas] where [is_delete] = ? and [areas].[deleted_at] is null [0]

[2024-01-18 14:56:45]
select top 20 [id], [name], [description], [status], [is_delete], [created_at], [updated_at] from [areas] where [is_delete] = ? and [areas].[deleted_at] is null order by [updated_at] desc [0]

[2024-01-18 14:56:45]
select top 1 1 [exists] from [oauth_personal_access_clients] []

[2024-01-18 14:56:45]
select top 1 * from [oauth_personal_access_clients] order by [id] desc []

[2024-01-18 14:56:45]
select top 1 * from [oauth_clients] where [oauth_clients].[id] = ? [3]

[2024-01-18 14:56:45]
select top 1 * from [oauth_clients] where [id] = ? [3]

[2024-01-18 14:56:45]
select top 1 * from [oauth_clients] where [id] = ? [3]

[2024-01-18 14:56:45]
insert into [oauth_access_tokens] ([id], [user_id], [client_id], [scopes], [revoked], [created_at], [updated_at], [expires_at]) values (?, ?, ?, ?, ?, ?, ?, ?) [61b8d1e5fb6d5b4e7dc23ffc304e390fc5c20239da46b16ec55c676501acd9f3108ade20cb9c6f42, 1, 3, [], , 2024-01-18 14:56:45.664, 2024-01-18 14:56:45.664, 2025-01-18 14:56:45.664]

[2024-01-18 14:56:45]
select top 1 * from [oauth_access_tokens] where [id] = ? [61b8d1e5fb6d5b4e7dc23ffc304e390fc5c20239da46b16ec55c676501acd9f3108ade20cb9c6f42]

[2024-01-18 14:56:45]
update [oauth_access_tokens] set [name] = ?, [oauth_access_tokens].[updated_at] = ? where [id] = ? [bao-tang-vu-tru, 2024-01-18 14:56:45.719, 61b8d1e5fb6d5b4e7dc23ffc304e390fc5c20239da46b16ec55c676501acd9f3108ade20cb9c6f42]

[2024-01-18 14:56:45]
select [permissions].*, [model_has_permissions].[model_id] as [pivot_model_id], [model_has_permissions].[permission_id] as [pivot_permission_id], [model_has_permissions].[model_type] as [pivot_model_type] from [permissions] inner join [model_has_permissions] on [permissions].[id] = [model_has_permissions].[permission_id] where [model_has_permissions].[model_id] = ? and [model_has_permissions].[model_type] = ? [1, App\Models\User]

[2024-01-18 14:56:45]
select [roles].*, [model_has_roles].[model_id] as [pivot_model_id], [model_has_roles].[role_id] as [pivot_role_id], [model_has_roles].[model_type] as [pivot_model_type] from [roles] inner join [model_has_roles] on [roles].[id] = [model_has_roles].[role_id] where [model_has_roles].[model_id] in (?) and [model_has_roles].[model_type] = ? [1, App\Models\User]

[2024-01-18 14:56:48]
select top 1 * from [users] where [id] = ? and [users].[deleted_at] is null [1]

[2024-01-18 14:56:48]
select * from [ticket_types] where [is_delete] = ? and [ticket_types].[deleted_at] is null [0]

[2024-01-18 14:56:48]
select * from [orders] where [is_delete] = ? and [created_at] >= ? and [created_at] <= ? and [payment_status] = ? and [orders].[deleted_at] is null [0, 2024-01-01 00:00:00, 2024-01-31 23:59:59, 2]

[2024-01-18 14:56:48]
select * from [payment_status] where [payment_status].[order_id] in (?, ?, ?, ?, ?, ?, ?, ?, ?, ?, ?, ?, ?, ?, ?, ?) and [payment_status].[deleted_at] is null [04AC31A4-FCB9-B774-5AD4-EDC6C2850D0F, 05C643AE-C5FC-75CF-3B18-4CBD4A058D2A, 21E5CE5D-C27A-32BA-9E10-EFEE7425D52D, 2912437F-215A-9BD6-6552-49AFB8DA7875, 345E7610-851A-8DEE-19EA-5C6D6196EC30, 46939CF4-692D-647A-DBA2-CC9034140ACF, 54052077-EFDB-E2CE-56C2-26781D922F8B, 547DF961-12BC-97C0-46EB-D1AD9AF832EB, 5752922F-E0C4-2DC6-4771-0523E1FB1EE6, 9E695DCE-0F2D-A62E-2FA0-0524DE407C31, A046ECCB-54A6-193E-5848-6F4C413EEB95, A8F7134A-968C-8FDF-D0AB-AA1811169AED, AFBD8E2A-4E96-070D-27DF-AF48F538A61C, BB3C156F-8B4C-0A14-726E-042B54432F2F, C247CE1B-138D-35F8-3706-CEC24D3C39F3, EEDC87B2-869A-C0BA-E3A9-DBCACAB2F472]

[2024-01-18 14:56:48]
select * from [tickets] where [is_delete] = ? and [status] = ? and [created_at] >= ? and [created_at] <= ? and [tickets].[deleted_at] is null [0, 1, 2024-01-01 00:00:00, 2024-01-31 23:59:59]

[2024-01-18 14:56:48]
select top 1 1 [exists] from [oauth_personal_access_clients] []

[2024-01-18 14:56:48]
select top 1 * from [oauth_personal_access_clients] order by [id] desc []

[2024-01-18 14:56:48]
select top 1 * from [oauth_clients] where [oauth_clients].[id] = ? [3]

[2024-01-18 14:56:48]
select top 1 * from [oauth_clients] where [id] = ? [3]

[2024-01-18 14:56:48]
select top 1 * from [oauth_clients] where [id] = ? [3]

[2024-01-18 14:56:48]
insert into [oauth_access_tokens] ([id], [user_id], [client_id], [scopes], [revoked], [created_at], [updated_at], [expires_at]) values (?, ?, ?, ?, ?, ?, ?, ?) [5c614c5c455e2f49c29e059f0ef1790eafc5311c011327ddf4c20a38b82ead7442a87dd9ddadf024, 1, 3, [], , 2024-01-18 14:56:48.205, 2024-01-18 14:56:48.205, 2025-01-18 14:56:48.205]

[2024-01-18 14:56:48]
select top 1 * from [oauth_access_tokens] where [id] = ? [5c614c5c455e2f49c29e059f0ef1790eafc5311c011327ddf4c20a38b82ead7442a87dd9ddadf024]

[2024-01-18 14:56:48]
update [oauth_access_tokens] set [name] = ?, [oauth_access_tokens].[updated_at] = ? where [id] = ? [bao-tang-vu-tru, 2024-01-18 14:56:48.240, 5c614c5c455e2f49c29e059f0ef1790eafc5311c011327ddf4c20a38b82ead7442a87dd9ddadf024]

[2024-01-18 14:56:48]
select [permissions].*, [model_has_permissions].[model_id] as [pivot_model_id], [model_has_permissions].[permission_id] as [pivot_permission_id], [model_has_permissions].[model_type] as [pivot_model_type] from [permissions] inner join [model_has_permissions] on [permissions].[id] = [model_has_permissions].[permission_id] where [model_has_permissions].[model_id] = ? and [model_has_permissions].[model_type] = ? [1, App\Models\User]

[2024-01-18 14:56:48]
select [roles].*, [model_has_roles].[model_id] as [pivot_model_id], [model_has_roles].[role_id] as [pivot_role_id], [model_has_roles].[model_type] as [pivot_model_type] from [roles] inner join [model_has_roles] on [roles].[id] = [model_has_roles].[role_id] where [model_has_roles].[model_id] in (?) and [model_has_roles].[model_type] = ? [1, App\Models\User]

[2024-01-18 14:56:48]
select top 1 * from [users] where [id] = ? and [users].[deleted_at] is null [1]

[2024-01-18 14:56:48]
select * from [orders] where [is_delete] = ? and [created_at] >= ? and [created_at] <= ? and [payment_status] = ? and [orders].[deleted_at] is null [0, 2024-01-01 00:00:00, 2024-01-31 23:59:59, 2]

[2024-01-18 14:56:48]
select * from [payment_status] where [payment_status].[order_id] in (?, ?, ?, ?, ?, ?, ?, ?, ?, ?, ?, ?, ?, ?, ?, ?) and [payment_status].[deleted_at] is null [04AC31A4-FCB9-B774-5AD4-EDC6C2850D0F, 05C643AE-C5FC-75CF-3B18-4CBD4A058D2A, 21E5CE5D-C27A-32BA-9E10-EFEE7425D52D, 2912437F-215A-9BD6-6552-49AFB8DA7875, 345E7610-851A-8DEE-19EA-5C6D6196EC30, 46939CF4-692D-647A-DBA2-CC9034140ACF, 54052077-EFDB-E2CE-56C2-26781D922F8B, 547DF961-12BC-97C0-46EB-D1AD9AF832EB, 5752922F-E0C4-2DC6-4771-0523E1FB1EE6, 9E695DCE-0F2D-A62E-2FA0-0524DE407C31, A046ECCB-54A6-193E-5848-6F4C413EEB95, A8F7134A-968C-8FDF-D0AB-AA1811169AED, AFBD8E2A-4E96-070D-27DF-AF48F538A61C, BB3C156F-8B4C-0A14-726E-042B54432F2F, C247CE1B-138D-35F8-3706-CEC24D3C39F3, EEDC87B2-869A-C0BA-E3A9-DBCACAB2F472]

[2024-01-18 15:34:13]
select top 1 * from [users] where [id] = ? and [users].[deleted_at] is null [1]

[2024-01-18 15:34:13]
select count(*) as aggregate from [fun_spots] where [is_delete] = ? and [fun_spots].[deleted_at] is null [0]

[2024-01-18 15:34:13]
select top 20 [id], [area_id], [name], [description], [status], [is_delete], [created_at], [updated_at] from [fun_spots] where [is_delete] = ? and [fun_spots].[deleted_at] is null order by [updated_at] desc [0]

[2024-01-18 15:34:13]
select top 1 * from [areas] where [areas].[id] = ? and [areas].[deleted_at] is null [D4A3F128-6F7E-0033-4B43-F6938292FFCC]

[2024-01-18 15:34:13]
select top 1 * from [areas] where [areas].[id] = ? and [areas].[deleted_at] is null [AF2BFE89-13D8-F305-F641-409E8E3651D8]

[2024-01-18 15:34:13]
select top 1 * from [areas] where [areas].[id] = ? and [areas].[deleted_at] is null [A6DCCAC1-A53F-16C4-634B-837B3F5E890E]

[2024-01-18 15:34:13]
select top 1 * from [areas] where [areas].[id] = ? and [areas].[deleted_at] is null [AF2BFE89-13D8-F305-F641-409E8E3651D8]

[2024-01-18 15:34:13]
select top 1 * from [areas] where [areas].[id] = ? and [areas].[deleted_at] is null [AF2BFE89-13D8-F305-F641-409E8E3651D8]

[2024-01-18 15:34:13]
select top 1 * from [areas] where [areas].[id] = ? and [areas].[deleted_at] is null [AF2BFE89-13D8-F305-F641-409E8E3651D8]

[2024-01-18 15:34:13]
select top 1 * from [areas] where [areas].[id] = ? and [areas].[deleted_at] is null [A6DCCAC1-A53F-16C4-634B-837B3F5E890E]

[2024-01-18 15:34:13]
select top 1 * from [areas] where [areas].[id] = ? and [areas].[deleted_at] is null [A6DCCAC1-A53F-16C4-634B-837B3F5E890E]

[2024-01-18 15:34:13]
select top 1 * from [areas] where [areas].[id] = ? and [areas].[deleted_at] is null [A6DCCAC1-A53F-16C4-634B-837B3F5E890E]

[2024-01-18 15:34:13]
select top 1 * from [areas] where [areas].[id] = ? and [areas].[deleted_at] is null [D4A3F128-6F7E-0033-4B43-F6938292FFCC]

[2024-01-18 15:34:13]
select top 1 * from [areas] where [areas].[id] = ? and [areas].[deleted_at] is null [D4A3F128-6F7E-0033-4B43-F6938292FFCC]

[2024-01-18 15:34:13]
select top 1 * from [areas] where [areas].[id] = ? and [areas].[deleted_at] is null [D4A3F128-6F7E-0033-4B43-F6938292FFCC]

[2024-01-18 15:34:13]
select top 1 * from [areas] where [areas].[id] = ? and [areas].[deleted_at] is null [D4A3F128-6F7E-0033-4B43-F6938292FFCC]

[2024-01-18 15:34:13]
select top 1 1 [exists] from [oauth_personal_access_clients] []

[2024-01-18 15:34:13]
select top 1 * from [oauth_personal_access_clients] order by [id] desc []

[2024-01-18 15:34:13]
select top 1 * from [oauth_clients] where [oauth_clients].[id] = ? [3]

[2024-01-18 15:34:13]
select top 1 * from [oauth_clients] where [id] = ? [3]

[2024-01-18 15:34:13]
select top 1 * from [oauth_clients] where [id] = ? [3]

[2024-01-18 15:34:13]
insert into [oauth_access_tokens] ([id], [user_id], [client_id], [scopes], [revoked], [created_at], [updated_at], [expires_at]) values (?, ?, ?, ?, ?, ?, ?, ?) [7cdb66fbd3fe0eaebeea2eb67e5e427c3049212af7a1a5597bbf5ec6831d13e07280dcb651644f9b, 1, 3, [], , 2024-01-18 15:34:13.740, 2024-01-18 15:34:13.740, 2025-01-18 15:34:13.740]

[2024-01-18 15:34:13]
select top 1 * from [oauth_access_tokens] where [id] = ? [7cdb66fbd3fe0eaebeea2eb67e5e427c3049212af7a1a5597bbf5ec6831d13e07280dcb651644f9b]

[2024-01-18 15:34:13]
update [oauth_access_tokens] set [name] = ?, [oauth_access_tokens].[updated_at] = ? where [id] = ? [bao-tang-vu-tru, 2024-01-18 15:34:13.786, 7cdb66fbd3fe0eaebeea2eb67e5e427c3049212af7a1a5597bbf5ec6831d13e07280dcb651644f9b]

[2024-01-18 15:34:13]
select [permissions].*, [model_has_permissions].[model_id] as [pivot_model_id], [model_has_permissions].[permission_id] as [pivot_permission_id], [model_has_permissions].[model_type] as [pivot_model_type] from [permissions] inner join [model_has_permissions] on [permissions].[id] = [model_has_permissions].[permission_id] where [model_has_permissions].[model_id] = ? and [model_has_permissions].[model_type] = ? [1, App\Models\User]

[2024-01-18 15:34:13]
select [roles].*, [model_has_roles].[model_id] as [pivot_model_id], [model_has_roles].[role_id] as [pivot_role_id], [model_has_roles].[model_type] as [pivot_model_type] from [roles] inner join [model_has_roles] on [roles].[id] = [model_has_roles].[role_id] where [model_has_roles].[model_id] in (?) and [model_has_roles].[model_type] = ? [1, App\Models\User]

[2024-01-18 15:34:17]
select top 1 * from [users] where [id] = ? and [users].[deleted_at] is null [1]

[2024-01-18 15:34:17]
select * from [areas] where [is_delete] = ? and [areas].[deleted_at] is null [0]

[2024-01-18 15:34:17]
select top 1 * from [fun_spots] where [is_delete] = ? and [fun_spots].[id] = ? and [fun_spots].[deleted_at] is null [0, 2B50316D-5864-B36A-558D-73C23DD0AC30]

[2024-01-18 15:34:17]
select top 1 1 [exists] from [oauth_personal_access_clients] []

[2024-01-18 15:34:18]
select top 1 * from [oauth_personal_access_clients] order by [id] desc []

[2024-01-18 15:34:18]
select top 1 * from [oauth_clients] where [oauth_clients].[id] = ? [3]

[2024-01-18 15:34:18]
select top 1 * from [oauth_clients] where [id] = ? [3]

[2024-01-18 15:34:18]
select top 1 * from [oauth_clients] where [id] = ? [3]

[2024-01-18 15:34:18]
insert into [oauth_access_tokens] ([id], [user_id], [client_id], [scopes], [revoked], [created_at], [updated_at], [expires_at]) values (?, ?, ?, ?, ?, ?, ?, ?) [1e0c404f9b94d6d133684633e62b785d33e3d89e5a956dbed1c353f15d4f026ee623a322412c1c26, 1, 3, [], , 2024-01-18 15:34:18.046, 2024-01-18 15:34:18.046, 2025-01-18 15:34:18.046]

[2024-01-18 15:34:18]
select top 1 * from [oauth_access_tokens] where [id] = ? [1e0c404f9b94d6d133684633e62b785d33e3d89e5a956dbed1c353f15d4f026ee623a322412c1c26]

[2024-01-18 15:34:18]
update [oauth_access_tokens] set [name] = ?, [oauth_access_tokens].[updated_at] = ? where [id] = ? [bao-tang-vu-tru, 2024-01-18 15:34:18.079, 1e0c404f9b94d6d133684633e62b785d33e3d89e5a956dbed1c353f15d4f026ee623a322412c1c26]

[2024-01-18 15:34:18]
select [permissions].*, [model_has_permissions].[model_id] as [pivot_model_id], [model_has_permissions].[permission_id] as [pivot_permission_id], [model_has_permissions].[model_type] as [pivot_model_type] from [permissions] inner join [model_has_permissions] on [permissions].[id] = [model_has_permissions].[permission_id] where [model_has_permissions].[model_id] = ? and [model_has_permissions].[model_type] = ? [1, App\Models\User]

[2024-01-18 15:34:18]
select [roles].*, [model_has_roles].[model_id] as [pivot_model_id], [model_has_roles].[role_id] as [pivot_role_id], [model_has_roles].[model_type] as [pivot_model_type] from [roles] inner join [model_has_roles] on [roles].[id] = [model_has_roles].[role_id] where [model_has_roles].[model_id] in (?) and [model_has_roles].[model_type] = ? [1, App\Models\User]

[2024-01-18 15:34:22]
select top 1 * from [users] where [id] = ? and [users].[deleted_at] is null [1]

[2024-01-18 15:34:22]
select count(*) as aggregate from [areas] where [is_delete] = ? and [areas].[deleted_at] is null [0]

[2024-01-18 15:34:22]
select top 20 [id], [name], [description], [status], [is_delete], [created_at], [updated_at] from [areas] where [is_delete] = ? and [areas].[deleted_at] is null order by [updated_at] desc [0]

[2024-01-18 15:34:22]
select top 1 1 [exists] from [oauth_personal_access_clients] []

[2024-01-18 15:34:22]
select top 1 * from [oauth_personal_access_clients] order by [id] desc []

[2024-01-18 15:34:22]
select top 1 * from [oauth_clients] where [oauth_clients].[id] = ? [3]

[2024-01-18 15:34:22]
select top 1 * from [oauth_clients] where [id] = ? [3]

[2024-01-18 15:34:22]
select top 1 * from [oauth_clients] where [id] = ? [3]

[2024-01-18 15:34:22]
insert into [oauth_access_tokens] ([id], [user_id], [client_id], [scopes], [revoked], [created_at], [updated_at], [expires_at]) values (?, ?, ?, ?, ?, ?, ?, ?) [20b024c36ce3d9914d3924f9cf9edb5eb2e36d1640c59d2f57dd8af702ad0bd1bf03972afc23375e, 1, 3, [], , 2024-01-18 15:34:22.633, 2024-01-18 15:34:22.633, 2025-01-18 15:34:22.633]

[2024-01-18 15:34:22]
select top 1 * from [oauth_access_tokens] where [id] = ? [20b024c36ce3d9914d3924f9cf9edb5eb2e36d1640c59d2f57dd8af702ad0bd1bf03972afc23375e]

[2024-01-18 15:34:22]
update [oauth_access_tokens] set [name] = ?, [oauth_access_tokens].[updated_at] = ? where [id] = ? [bao-tang-vu-tru, 2024-01-18 15:34:22.664, 20b024c36ce3d9914d3924f9cf9edb5eb2e36d1640c59d2f57dd8af702ad0bd1bf03972afc23375e]

[2024-01-18 15:34:22]
select [permissions].*, [model_has_permissions].[model_id] as [pivot_model_id], [model_has_permissions].[permission_id] as [pivot_permission_id], [model_has_permissions].[model_type] as [pivot_model_type] from [permissions] inner join [model_has_permissions] on [permissions].[id] = [model_has_permissions].[permission_id] where [model_has_permissions].[model_id] = ? and [model_has_permissions].[model_type] = ? [1, App\Models\User]

[2024-01-18 15:34:22]
select [roles].*, [model_has_roles].[model_id] as [pivot_model_id], [model_has_roles].[role_id] as [pivot_role_id], [model_has_roles].[model_type] as [pivot_model_type] from [roles] inner join [model_has_roles] on [roles].[id] = [model_has_roles].[role_id] where [model_has_roles].[model_id] in (?) and [model_has_roles].[model_type] = ? [1, App\Models\User]

[2024-01-18 15:34:24]
select top 1 * from [users] where [id] = ? and [users].[deleted_at] is null [1]

[2024-01-18 15:34:24]
select top 1 * from [areas] where [is_delete] = ? and [areas].[id] = ? and [areas].[deleted_at] is null [0, 506EF6ED-C228-C7C2-6780-4B4087946527]

[2024-01-18 15:34:24]
select top 1 1 [exists] from [oauth_personal_access_clients] []

[2024-01-18 15:34:24]
select top 1 * from [oauth_personal_access_clients] order by [id] desc []

[2024-01-18 15:34:24]
select top 1 * from [oauth_clients] where [oauth_clients].[id] = ? [3]

[2024-01-18 15:34:24]
select top 1 * from [oauth_clients] where [id] = ? [3]

[2024-01-18 15:34:24]
select top 1 * from [oauth_clients] where [id] = ? [3]

[2024-01-18 15:34:24]
insert into [oauth_access_tokens] ([id], [user_id], [client_id], [scopes], [revoked], [created_at], [updated_at], [expires_at]) values (?, ?, ?, ?, ?, ?, ?, ?) [90fde5fdda9d980d5a4fc95736636a2591899f0fe01dc8c8b193e44b4dc55c47c27e207976093096, 1, 3, [], , 2024-01-18 15:34:24.917, 2024-01-18 15:34:24.917, 2025-01-18 15:34:24.917]

[2024-01-18 15:34:24]
select top 1 * from [oauth_access_tokens] where [id] = ? [90fde5fdda9d980d5a4fc95736636a2591899f0fe01dc8c8b193e44b4dc55c47c27e207976093096]

[2024-01-18 15:34:24]
update [oauth_access_tokens] set [name] = ?, [oauth_access_tokens].[updated_at] = ? where [id] = ? [bao-tang-vu-tru, 2024-01-18 15:34:24.950, 90fde5fdda9d980d5a4fc95736636a2591899f0fe01dc8c8b193e44b4dc55c47c27e207976093096]

[2024-01-18 15:34:24]
select [permissions].*, [model_has_permissions].[model_id] as [pivot_model_id], [model_has_permissions].[permission_id] as [pivot_permission_id], [model_has_permissions].[model_type] as [pivot_model_type] from [permissions] inner join [model_has_permissions] on [permissions].[id] = [model_has_permissions].[permission_id] where [model_has_permissions].[model_id] = ? and [model_has_permissions].[model_type] = ? [1, App\Models\User]

[2024-01-18 15:34:24]
select [roles].*, [model_has_roles].[model_id] as [pivot_model_id], [model_has_roles].[role_id] as [pivot_role_id], [model_has_roles].[model_type] as [pivot_model_type] from [roles] inner join [model_has_roles] on [roles].[id] = [model_has_roles].[role_id] where [model_has_roles].[model_id] in (?) and [model_has_roles].[model_type] = ? [1, App\Models\User]

[2024-01-18 15:34:31]
select top 1 * from [users] where [id] = ? and [users].[deleted_at] is null [1]

[2024-01-18 15:34:31]
select count(*) as aggregate from [device] where [is_delete] = ? and [device].[deleted_at] is null [0]

[2024-01-18 15:34:31]
select top 20 * from [device] where [is_delete] = ? and [device].[deleted_at] is null order by [updated_at] desc [0]

[2024-01-18 15:34:31]
select * from [device_ip] where [device_ip].[device_id] = ? and [device_ip].[device_id] is not null and [device_ip].[deleted_at] is null [56230E28-F367-DED7-6120-EFC9F926CD9C]

[2024-01-18 15:34:31]
select name from areas where  id=? []

[2024-01-18 15:34:31]
select * from [device_ip] where [device_ip].[device_id] = ? and [device_ip].[device_id] is not null and [device_ip].[deleted_at] is null [4C145714-0B2A-236F-3531-6E76557C263E]

[2024-01-18 15:34:31]
select name from areas where  id=(select TOP 1 area_id from services where id=?) [E9F71CDD-0244-A14D-7456-4879D92140B8]

[2024-01-18 15:34:31]
select top 1 * from [services] where [services].[id] = ? and [services].[id] is not null and [services].[deleted_at] is null [E9F71CDD-0244-A14D-7456-4879D92140B8]

[2024-01-18 15:34:31]
select top 1 1 [exists] from [oauth_personal_access_clients] []

[2024-01-18 15:34:31]
select top 1 * from [oauth_personal_access_clients] order by [id] desc []

[2024-01-18 15:34:31]
select top 1 * from [oauth_clients] where [oauth_clients].[id] = ? [3]

[2024-01-18 15:34:31]
select top 1 * from [oauth_clients] where [id] = ? [3]

[2024-01-18 15:34:31]
select top 1 * from [oauth_clients] where [id] = ? [3]

[2024-01-18 15:34:31]
insert into [oauth_access_tokens] ([id], [user_id], [client_id], [scopes], [revoked], [created_at], [updated_at], [expires_at]) values (?, ?, ?, ?, ?, ?, ?, ?) [9c155b4a34ef382ed5c29149c83b44a2abd0b185f44c2ffb70f278d75c6cc820c435c2a50120248c, 1, 3, [], , 2024-01-18 15:34:31.552, 2024-01-18 15:34:31.552, 2025-01-18 15:34:31.552]

[2024-01-18 15:34:31]
select top 1 * from [oauth_access_tokens] where [id] = ? [9c155b4a34ef382ed5c29149c83b44a2abd0b185f44c2ffb70f278d75c6cc820c435c2a50120248c]

[2024-01-18 15:34:31]
update [oauth_access_tokens] set [name] = ?, [oauth_access_tokens].[updated_at] = ? where [id] = ? [bao-tang-vu-tru, 2024-01-18 15:34:31.584, 9c155b4a34ef382ed5c29149c83b44a2abd0b185f44c2ffb70f278d75c6cc820c435c2a50120248c]

[2024-01-18 15:34:31]
select [permissions].*, [model_has_permissions].[model_id] as [pivot_model_id], [model_has_permissions].[permission_id] as [pivot_permission_id], [model_has_permissions].[model_type] as [pivot_model_type] from [permissions] inner join [model_has_permissions] on [permissions].[id] = [model_has_permissions].[permission_id] where [model_has_permissions].[model_id] = ? and [model_has_permissions].[model_type] = ? [1, App\Models\User]

[2024-01-18 15:34:31]
select [roles].*, [model_has_roles].[model_id] as [pivot_model_id], [model_has_roles].[role_id] as [pivot_role_id], [model_has_roles].[model_type] as [pivot_model_type] from [roles] inner join [model_has_roles] on [roles].[id] = [model_has_roles].[role_id] where [model_has_roles].[model_id] in (?) and [model_has_roles].[model_type] = ? [1, App\Models\User]

[2024-01-18 15:34:35]
select top 1 * from [users] where [id] = ? and [users].[deleted_at] is null [1]

[2024-01-18 15:34:35]
select * from [ticket_types] where [is_delete] = ? and [type] != ? and [ticket_types].[deleted_at] is null [0, 2]

[2024-01-18 15:34:35]
select * from [users] where [is_delete] = ? and [users].[deleted_at] is null [0]

[2024-01-18 15:34:35]
select top 1 1 [exists] from [oauth_personal_access_clients] []

[2024-01-18 15:34:35]
select top 1 * from [oauth_personal_access_clients] order by [id] desc []

[2024-01-18 15:34:35]
select top 1 * from [oauth_clients] where [oauth_clients].[id] = ? [3]

[2024-01-18 15:34:35]
select top 1 * from [oauth_clients] where [id] = ? [3]

[2024-01-18 15:34:35]
select top 1 * from [oauth_clients] where [id] = ? [3]

[2024-01-18 15:34:35]
insert into [oauth_access_tokens] ([id], [user_id], [client_id], [scopes], [revoked], [created_at], [updated_at], [expires_at]) values (?, ?, ?, ?, ?, ?, ?, ?) [824c34e6bb386e3de76754f0d21c44dc03ca12365459e14d59e4999a9e99c4c711d345f02aed546c, 1, 3, [], , 2024-01-18 15:34:35.728, 2024-01-18 15:34:35.728, 2025-01-18 15:34:35.728]

[2024-01-18 15:34:35]
select top 1 * from [oauth_access_tokens] where [id] = ? [824c34e6bb386e3de76754f0d21c44dc03ca12365459e14d59e4999a9e99c4c711d345f02aed546c]

[2024-01-18 15:34:35]
update [oauth_access_tokens] set [name] = ?, [oauth_access_tokens].[updated_at] = ? where [id] = ? [bao-tang-vu-tru, 2024-01-18 15:34:35.762, 824c34e6bb386e3de76754f0d21c44dc03ca12365459e14d59e4999a9e99c4c711d345f02aed546c]

[2024-01-18 15:34:35]
select [permissions].*, [model_has_permissions].[model_id] as [pivot_model_id], [model_has_permissions].[permission_id] as [pivot_permission_id], [model_has_permissions].[model_type] as [pivot_model_type] from [permissions] inner join [model_has_permissions] on [permissions].[id] = [model_has_permissions].[permission_id] where [model_has_permissions].[model_id] = ? and [model_has_permissions].[model_type] = ? [1, App\Models\User]

[2024-01-18 15:34:35]
select [roles].*, [model_has_roles].[model_id] as [pivot_model_id], [model_has_roles].[role_id] as [pivot_role_id], [model_has_roles].[model_type] as [pivot_model_type] from [roles] inner join [model_has_roles] on [roles].[id] = [model_has_roles].[role_id] where [model_has_roles].[model_id] in (?) and [model_has_roles].[model_type] = ? [1, App\Models\User]

[2024-01-18 15:36:55]
select top 1 * from [users] where [id] = ? and [users].[deleted_at] is null [1]

[2024-01-18 15:36:55]
select * from [orders] where [is_delete] = ? and [orders].[deleted_at] is null [0]

[2024-01-18 15:36:55]
select * from [orders] where [is_delete] = ? and [orders].[deleted_at] is null [0]

[2024-01-18 15:36:55]
select * from [users] where [is_delete] = ? and [users].[deleted_at] is null [0]

[2024-01-18 15:36:55]
select count(*) as aggregate from [orders] where [is_delete] = ? and [created_at] >= ? and [created_at] <= ? and [orders].[deleted_at] is null [0, 2024-01-18 00:00:00, 2024-01-18 23:59:59.999]

[2024-01-18 15:36:55]
select top 30 * from [orders] where [is_delete] = ? and [created_at] >= ? and [created_at] <= ? and [orders].[deleted_at] is null order by [updated_at] desc [0, 2024-01-18 00:00:00, 2024-01-18 23:59:59.999]

[2024-01-18 15:36:55]
select top 1 * from [users] where [users].[id] = ? and [users].[deleted_at] is null [1]

[2024-01-18 15:36:55]
select top 1 1 [exists] from [oauth_personal_access_clients] []

[2024-01-18 15:36:55]
select top 1 * from [oauth_personal_access_clients] order by [id] desc []

[2024-01-18 15:36:55]
select top 1 * from [oauth_clients] where [oauth_clients].[id] = ? [3]

[2024-01-18 15:36:56]
select top 1 * from [oauth_clients] where [id] = ? [3]

[2024-01-18 15:36:56]
select top 1 * from [oauth_clients] where [id] = ? [3]

[2024-01-18 15:36:56]
insert into [oauth_access_tokens] ([id], [user_id], [client_id], [scopes], [revoked], [created_at], [updated_at], [expires_at]) values (?, ?, ?, ?, ?, ?, ?, ?) [5722a3551b5c9097619e6e651330ef96c1980b728ce8620172a16a8ba0016b176b806edeb81fd1b5, 1, 3, [], , 2024-01-18 15:36:56.018, 2024-01-18 15:36:56.018, 2025-01-18 15:36:56.018]

[2024-01-18 15:36:56]
select top 1 * from [oauth_access_tokens] where [id] = ? [5722a3551b5c9097619e6e651330ef96c1980b728ce8620172a16a8ba0016b176b806edeb81fd1b5]

[2024-01-18 15:36:56]
update [oauth_access_tokens] set [name] = ?, [oauth_access_tokens].[updated_at] = ? where [id] = ? [bao-tang-vu-tru, 2024-01-18 15:36:56.054, 5722a3551b5c9097619e6e651330ef96c1980b728ce8620172a16a8ba0016b176b806edeb81fd1b5]

[2024-01-18 15:36:56]
select [permissions].*, [model_has_permissions].[model_id] as [pivot_model_id], [model_has_permissions].[permission_id] as [pivot_permission_id], [model_has_permissions].[model_type] as [pivot_model_type] from [permissions] inner join [model_has_permissions] on [permissions].[id] = [model_has_permissions].[permission_id] where [model_has_permissions].[model_id] = ? and [model_has_permissions].[model_type] = ? [1, App\Models\User]

[2024-01-18 15:36:56]
select [roles].*, [model_has_roles].[model_id] as [pivot_model_id], [model_has_roles].[role_id] as [pivot_role_id], [model_has_roles].[model_type] as [pivot_model_type] from [roles] inner join [model_has_roles] on [roles].[id] = [model_has_roles].[role_id] where [model_has_roles].[model_id] in (?) and [model_has_roles].[model_type] = ? [1, App\Models\User]

[2024-01-18 15:37:03]
select top 1 * from [users] where [id] = ? and [users].[deleted_at] is null [1]

[2024-01-18 15:37:03]
select top 1 1 [exists] from [oauth_personal_access_clients] []

[2024-01-18 15:37:03]
select top 1 * from [oauth_personal_access_clients] order by [id] desc []

[2024-01-18 15:37:03]
select top 1 * from [oauth_clients] where [oauth_clients].[id] = ? [3]

[2024-01-18 15:37:03]
select top 1 * from [oauth_clients] where [id] = ? [3]

[2024-01-18 15:37:03]
select top 1 * from [oauth_clients] where [id] = ? [3]

[2024-01-18 15:37:03]
insert into [oauth_access_tokens] ([id], [user_id], [client_id], [scopes], [revoked], [created_at], [updated_at], [expires_at]) values (?, ?, ?, ?, ?, ?, ?, ?) [f1efadab262ede339006d2b08777ec2eef9a1c6d5705ce6e8895e5490b7e68d54b538ab32431c61c, 1, 3, [], , 2024-01-18 15:37:03.530, 2024-01-18 15:37:03.530, 2025-01-18 15:37:03.530]

[2024-01-18 15:37:03]
select top 1 * from [oauth_access_tokens] where [id] = ? [f1efadab262ede339006d2b08777ec2eef9a1c6d5705ce6e8895e5490b7e68d54b538ab32431c61c]

[2024-01-18 15:37:03]
update [oauth_access_tokens] set [name] = ?, [oauth_access_tokens].[updated_at] = ? where [id] = ? [bao-tang-vu-tru, 2024-01-18 15:37:03.564, f1efadab262ede339006d2b08777ec2eef9a1c6d5705ce6e8895e5490b7e68d54b538ab32431c61c]

[2024-01-18 15:37:03]
select [permissions].*, [model_has_permissions].[model_id] as [pivot_model_id], [model_has_permissions].[permission_id] as [pivot_permission_id], [model_has_permissions].[model_type] as [pivot_model_type] from [permissions] inner join [model_has_permissions] on [permissions].[id] = [model_has_permissions].[permission_id] where [model_has_permissions].[model_id] = ? and [model_has_permissions].[model_type] = ? [1, App\Models\User]

[2024-01-18 15:37:03]
select [roles].*, [model_has_roles].[model_id] as [pivot_model_id], [model_has_roles].[role_id] as [pivot_role_id], [model_has_roles].[model_type] as [pivot_model_type] from [roles] inner join [model_has_roles] on [roles].[id] = [model_has_roles].[role_id] where [model_has_roles].[model_id] in (?) and [model_has_roles].[model_type] = ? [1, App\Models\User]

[2024-01-18 15:37:04]
select top 1 * from [users] where [id] = ? and [users].[deleted_at] is null [1]

[2024-01-18 15:37:04]
select * from [orders] where [is_delete] = ? and [created_at] >= ? and [created_at] <= ? and [payment_status] = ? and [orders].[deleted_at] is null [0, 2024-01-01 00:00:00, 2024-01-31 23:59:59, 2]

[2024-01-18 15:37:04]
select * from [payment_status] where [payment_status].[order_id] in (?, ?, ?, ?, ?, ?, ?, ?, ?, ?, ?, ?, ?, ?, ?, ?) and [payment_status].[deleted_at] is null [04AC31A4-FCB9-B774-5AD4-EDC6C2850D0F, 05C643AE-C5FC-75CF-3B18-4CBD4A058D2A, 21E5CE5D-C27A-32BA-9E10-EFEE7425D52D, 2912437F-215A-9BD6-6552-49AFB8DA7875, 345E7610-851A-8DEE-19EA-5C6D6196EC30, 46939CF4-692D-647A-DBA2-CC9034140ACF, 54052077-EFDB-E2CE-56C2-26781D922F8B, 547DF961-12BC-97C0-46EB-D1AD9AF832EB, 5752922F-E0C4-2DC6-4771-0523E1FB1EE6, 9E695DCE-0F2D-A62E-2FA0-0524DE407C31, A046ECCB-54A6-193E-5848-6F4C413EEB95, A8F7134A-968C-8FDF-D0AB-AA1811169AED, AFBD8E2A-4E96-070D-27DF-AF48F538A61C, BB3C156F-8B4C-0A14-726E-042B54432F2F, C247CE1B-138D-35F8-3706-CEC24D3C39F3, EEDC87B2-869A-C0BA-E3A9-DBCACAB2F472]

[2024-01-18 15:37:06]
select top 1 * from [users] where [id] = ? and [users].[deleted_at] is null [1]

[2024-01-18 15:37:06]
select [permissions].*, [model_has_permissions].[model_id] as [pivot_model_id], [model_has_permissions].[permission_id] as [pivot_permission_id], [model_has_permissions].[model_type] as [pivot_model_type] from [permissions] inner join [model_has_permissions] on [permissions].[id] = [model_has_permissions].[permission_id] where [model_has_permissions].[model_id] = ? and [model_has_permissions].[model_type] = ? [1, App\Models\User]

[2024-01-18 15:37:06]
select [roles].*, [model_has_roles].[model_id] as [pivot_model_id], [model_has_roles].[role_id] as [pivot_role_id], [model_has_roles].[model_type] as [pivot_model_type] from [roles] inner join [model_has_roles] on [roles].[id] = [model_has_roles].[role_id] where [model_has_roles].[model_id] in (?) and [model_has_roles].[model_type] = ? [1, App\Models\User]

[2024-01-18 15:37:06]
select count(*) as aggregate from [events] where ([is_delete] = ?) and [events].[deleted_at] is null [0]

[2024-01-18 15:37:06]
select top 20 * from [events] where ([is_delete] = ?) and [events].[deleted_at] is null order by [created_at] desc [0]

[2024-01-18 15:37:06]
select * from [ticket_types] where [ticket_types].[id] in (?, ?, ?, ?, ?) and [ticket_types].[deleted_at] is null [1F324F9E-37E3-3B90-6977-FF2FCCBCFEF6, 31B93655-7ABC-5239-3407-D06E06841B8F, 44627B51-B377-0ACC-06AE-BD8D8336AA91, 6AB8967F-2CA1-D87A-F4A7-9962AE679A2F, CF114E89-36E1-3AE5-604E-A1781FB4F6FB]

[2024-01-18 15:37:06]
select * from [tickets] where [tickets].[id] in (?, ?, ?, ?, ?, ?, ?, ?, ?, ?, ?, ?, ?, ?, ?, ?, ?) and [tickets].[deleted_at] is null [076A7C3D-D99F-C2AF-6774-A5A017DC7ABA, 07A8656A-3FD0-4C08-4933-51AB7798E982, 0D4722FD-8EFE-A66F-49E0-EACEA29BDC8D, 0E76AD43-8D7C-95FE-1101-4D8CD6841D18, 1515D9F9-EEA8-7187-1CFA-6ED10E350FC3, 19594F86-8664-CA3B-19FE-8608D1E31F88, 25F14A04-727B-5CE3-E8F6-48BECA30267B, 2A4DDA22-38DD-268B-C5A7-BA2F93D9B2AA, 30C1C507-D418-702F-F8F6-784D476AAE72, 435A3757-E6E2-910E-CEED-8E99B6F85481, 59E6B310-2C04-4361-68BE-2DDE6FB1B226, 59EED225-A9E4-C663-A823-79B66C13EA6B, 6E62D18C-312B-8FD2-2844-D6E0BCD4D78E, 946C3F10-58E6-03BC-13FA-E98CFBD61E3E, ADF44F06-6F51-6859-02DE-B2D5293C6196, D6629227-DA11-7074-5A7B-FCF788FAC931, DFE6591D-3FE4-6705-2A82-124C17AB5843]

[2024-01-18 15:37:06]
select * from [orders] where [orders].[id] in (?, ?, ?, ?, ?, ?, ?) and [orders].[deleted_at] is null [0CB769F5-1E17-A2E8-95E9-09EBC698BF74, 160E9EC8-B16E-E64A-036A-02453A780A73, 4D634B6F-142E-0E41-9A97-F35BF15BEA0B, 5FEEC6D4-DE1B-7F40-5F2D-3B65A2CE7A85, 9B9F15EF-A26D-177C-1B99-0CEA61F86D69, A78B96DB-0772-EE88-E7CC-486CDA153578, B4E19B24-CE6F-8D76-C9A1-66AC8A606311]

[2024-01-18 15:37:06]
select * from [customers] where [customers].[id] in (?, ?, ?, ?) and [customers].[deleted_at] is null [236003FF-6745-5B20-E8D6-F19C2DA2828D, 80C09484-1EAB-34BE-C85E-BCD7EFE80786, 85558E40-B233-6945-86B9-E20383BBCD1F, C67DC7B0-B45D-ACB3-9960-EBCE30BF29BE]

[2024-01-18 15:37:06]
select * from [events] where ([is_delete] = ?) and [events].[deleted_at] is null order by [created_at] desc [0]

[2024-01-18 15:37:06]
select * from [ticket_types] where [ticket_types].[id] in (?, ?, ?, ?, ?) and [ticket_types].[deleted_at] is null [1F324F9E-37E3-3B90-6977-FF2FCCBCFEF6, 31B93655-7ABC-5239-3407-D06E06841B8F, 44627B51-B377-0ACC-06AE-BD8D8336AA91, 6AB8967F-2CA1-D87A-F4A7-9962AE679A2F, CF114E89-36E1-3AE5-604E-A1781FB4F6FB]

[2024-01-18 15:37:06]
select * from [tickets] where [tickets].[id] in (?, ?, ?, ?, ?, ?, ?, ?, ?, ?, ?, ?, ?, ?, ?, ?, ?) and [tickets].[deleted_at] is null [076A7C3D-D99F-C2AF-6774-A5A017DC7ABA, 07A8656A-3FD0-4C08-4933-51AB7798E982, 0D4722FD-8EFE-A66F-49E0-EACEA29BDC8D, 0E76AD43-8D7C-95FE-1101-4D8CD6841D18, 1515D9F9-EEA8-7187-1CFA-6ED10E350FC3, 19594F86-8664-CA3B-19FE-8608D1E31F88, 25F14A04-727B-5CE3-E8F6-48BECA30267B, 2A4DDA22-38DD-268B-C5A7-BA2F93D9B2AA, 30C1C507-D418-702F-F8F6-784D476AAE72, 435A3757-E6E2-910E-CEED-8E99B6F85481, 59E6B310-2C04-4361-68BE-2DDE6FB1B226, 59EED225-A9E4-C663-A823-79B66C13EA6B, 6E62D18C-312B-8FD2-2844-D6E0BCD4D78E, 946C3F10-58E6-03BC-13FA-E98CFBD61E3E, ADF44F06-6F51-6859-02DE-B2D5293C6196, D6629227-DA11-7074-5A7B-FCF788FAC931, DFE6591D-3FE4-6705-2A82-124C17AB5843]

[2024-01-18 15:37:06]
select * from [orders] where [orders].[id] in (?, ?, ?, ?, ?, ?, ?) and [orders].[deleted_at] is null [0CB769F5-1E17-A2E8-95E9-09EBC698BF74, 160E9EC8-B16E-E64A-036A-02453A780A73, 4D634B6F-142E-0E41-9A97-F35BF15BEA0B, 5FEEC6D4-DE1B-7F40-5F2D-3B65A2CE7A85, 9B9F15EF-A26D-177C-1B99-0CEA61F86D69, A78B96DB-0772-EE88-E7CC-486CDA153578, B4E19B24-CE6F-8D76-C9A1-66AC8A606311]

[2024-01-18 15:37:06]
select * from [customers] where [customers].[id] in (?, ?, ?, ?) and [customers].[deleted_at] is null [236003FF-6745-5B20-E8D6-F19C2DA2828D, 80C09484-1EAB-34BE-C85E-BCD7EFE80786, 85558E40-B233-6945-86B9-E20383BBCD1F, C67DC7B0-B45D-ACB3-9960-EBCE30BF29BE]

[2024-01-18 15:37:06]
select * from [areas] where ([is_delete] = ?) and [areas].[deleted_at] is null order by [created_at] desc [0]

[2024-01-18 15:37:06]
select * from [services] where ([is_delete] = ?) and [services].[deleted_at] is null order by [created_at] desc [0]

[2024-01-18 15:37:07]
select * from [fun_spots] where ([is_delete] = ?) and [fun_spots].[deleted_at] is null order by [created_at] desc [0]

[2024-01-18 15:37:07]
select name from areas where  id=(select TOP 1 area_id from services where id=?) [31387F78-58E7-4875-AEBA-7A92B6D6412E]

[2024-01-18 15:37:07]
select name from areas where  id=(select TOP 1 area_id from services where id=?) [31387F78-58E7-4875-AEBA-7A92B6D6412E]

[2024-01-18 15:37:07]
select name from areas where  id=(select TOP 1 area_id from services where id=?) [31387F78-58E7-4875-AEBA-7A92B6D6412E]

[2024-01-18 15:37:07]
select name from areas where  id=(select TOP 1 area_id from services where id=?) [31387F78-58E7-4875-AEBA-7A92B6D6412E]

[2024-01-18 15:37:07]
select name from areas where  id=(select TOP 1 area_id from services where id=?) [31387F78-58E7-4875-AEBA-7A92B6D6412E]

[2024-01-18 15:37:07]
select name from areas where  id=(select TOP 1 area_id from services where id=?) [31387F78-58E7-4875-AEBA-7A92B6D6412E]

[2024-01-18 15:37:07]
select name from areas where  id=(select TOP 1 area_id from services where id=?) [31387F78-58E7-4875-AEBA-7A92B6D6412E]

[2024-01-18 15:37:07]
select name from areas where  id=(select TOP 1 area_id from services where id=?) [31387F78-58E7-4875-AEBA-7A92B6D6412E]

[2024-01-18 15:37:07]
select name from areas where  id=(select TOP 1 area_id from services where id=?) [31387F78-58E7-4875-AEBA-7A92B6D6412E]

[2024-01-18 15:37:07]
select name from areas where  id=(select TOP 1 area_id from services where id=?) [31387F78-58E7-4875-AEBA-7A92B6D6412E]

[2024-01-18 15:37:07]
select name from areas where  id=(select TOP 1 area_id from services where id=?) [31387F78-58E7-4875-AEBA-7A92B6D6412E]

[2024-01-18 15:37:07]
select name from areas where  id=(select TOP 1 area_id from fun_spots where id=?) [431F27E9-5E8F-0CC1-1AEE-3D554407F936]

[2024-01-18 15:37:07]
select name from areas where  id=? [A6DCCAC1-A53F-16C4-634B-837B3F5E890E]

[2024-01-18 15:37:07]
select name from areas where  id=? [A6DCCAC1-A53F-16C4-634B-837B3F5E890E]

[2024-01-18 15:37:07]
select name from areas where  id=? [A6DCCAC1-A53F-16C4-634B-837B3F5E890E]

[2024-01-18 15:37:07]
select name from areas where  id=? [A6DCCAC1-A53F-16C4-634B-837B3F5E890E]

[2024-01-18 15:37:07]
select name from areas where  id=? [A6DCCAC1-A53F-16C4-634B-837B3F5E890E]

[2024-01-18 15:37:07]
select top 1 1 [exists] from [oauth_personal_access_clients] []

[2024-01-18 15:37:07]
select top 1 * from [oauth_personal_access_clients] order by [id] desc []

[2024-01-18 15:37:07]
select top 1 * from [oauth_clients] where [oauth_clients].[id] = ? [3]

[2024-01-18 15:37:07]
select top 1 * from [oauth_clients] where [id] = ? [3]

[2024-01-18 15:37:07]
select top 1 * from [oauth_clients] where [id] = ? [3]

[2024-01-18 15:37:07]
insert into [oauth_access_tokens] ([id], [user_id], [client_id], [scopes], [revoked], [created_at], [updated_at], [expires_at]) values (?, ?, ?, ?, ?, ?, ?, ?) [0867eafaae0d43d20b3f55f6fc19077a875846aa0ab16e25e71ddfa32ad8b19a0f4dac1c3fbae289, 1, 3, [], , 2024-01-18 15:37:07.448, 2024-01-18 15:37:07.448, 2025-01-18 15:37:07.448]

[2024-01-18 15:37:07]
select top 1 * from [oauth_access_tokens] where [id] = ? [0867eafaae0d43d20b3f55f6fc19077a875846aa0ab16e25e71ddfa32ad8b19a0f4dac1c3fbae289]

[2024-01-18 15:37:07]
update [oauth_access_tokens] set [name] = ?, [oauth_access_tokens].[updated_at] = ? where [id] = ? [bao-tang-vu-tru, 2024-01-18 15:37:07.479, 0867eafaae0d43d20b3f55f6fc19077a875846aa0ab16e25e71ddfa32ad8b19a0f4dac1c3fbae289]

[2024-01-18 15:37:13]
select top 1 * from [users] where [id] = ? and [users].[deleted_at] is null [1]

[2024-01-18 15:37:13]
select [permissions].*, [model_has_permissions].[model_id] as [pivot_model_id], [model_has_permissions].[permission_id] as [pivot_permission_id], [model_has_permissions].[model_type] as [pivot_model_type] from [permissions] inner join [model_has_permissions] on [permissions].[id] = [model_has_permissions].[permission_id] where [model_has_permissions].[model_id] = ? and [model_has_permissions].[model_type] = ? [1, App\Models\User]

[2024-01-18 15:37:13]
select [roles].*, [model_has_roles].[model_id] as [pivot_model_id], [model_has_roles].[role_id] as [pivot_role_id], [model_has_roles].[model_type] as [pivot_model_type] from [roles] inner join [model_has_roles] on [roles].[id] = [model_has_roles].[role_id] where [model_has_roles].[model_id] in (?) and [model_has_roles].[model_type] = ? [1, App\Models\User]

[2024-01-18 15:37:14]
select top 1 * from [users] where [id] = ? and [users].[deleted_at] is null [1]

[2024-01-18 15:37:14]
select [permissions].*, [model_has_permissions].[model_id] as [pivot_model_id], [model_has_permissions].[permission_id] as [pivot_permission_id], [model_has_permissions].[model_type] as [pivot_model_type] from [permissions] inner join [model_has_permissions] on [permissions].[id] = [model_has_permissions].[permission_id] where [model_has_permissions].[model_id] = ? and [model_has_permissions].[model_type] = ? [1, App\Models\User]

[2024-01-18 15:37:14]
select [roles].*, [model_has_roles].[model_id] as [pivot_model_id], [model_has_roles].[role_id] as [pivot_role_id], [model_has_roles].[model_type] as [pivot_model_type] from [roles] inner join [model_has_roles] on [roles].[id] = [model_has_roles].[role_id] where [model_has_roles].[model_id] in (?) and [model_has_roles].[model_type] = ? [1, App\Models\User]

[2024-01-18 15:37:14]
select count(*) as aggregate from [events] where ([is_delete] = ? and [time_in] >= ? and [time_in] <= ?) and [events].[deleted_at] is null [0, 2024-01-11 00:00:00, 2024-01-18 23:59:59]

[2024-01-18 15:37:14]
select * from [events] where ([is_delete] = ? and [time_in] >= ? and [time_in] <= ?) and [events].[deleted_at] is null order by [created_at] desc [0, 2024-01-11 00:00:00, 2024-01-18 23:59:59]

[2024-01-18 15:37:14]
select * from [areas] where ([is_delete] = ?) and [areas].[deleted_at] is null order by [created_at] desc [0]

[2024-01-18 15:37:14]
select * from [services] where ([is_delete] = ?) and [services].[deleted_at] is null order by [created_at] desc [0]

[2024-01-18 15:37:14]
select * from [fun_spots] where ([is_delete] = ?) and [fun_spots].[deleted_at] is null order by [created_at] desc [0]

[2024-01-18 15:37:14]
select top 1 1 [exists] from [oauth_personal_access_clients] []

[2024-01-18 15:37:14]
select top 1 * from [oauth_personal_access_clients] order by [id] desc []

[2024-01-18 15:37:14]
select top 1 * from [oauth_clients] where [oauth_clients].[id] = ? [3]

[2024-01-18 15:37:14]
select top 1 * from [oauth_clients] where [id] = ? [3]

[2024-01-18 15:37:14]
select top 1 * from [oauth_clients] where [id] = ? [3]

[2024-01-18 15:37:14]
insert into [oauth_access_tokens] ([id], [user_id], [client_id], [scopes], [revoked], [created_at], [updated_at], [expires_at]) values (?, ?, ?, ?, ?, ?, ?, ?) [38fe9cdb6184720a5c1bfb8a4debb488f81924a30eae679a45875800abb57e01282c63ce5a780160, 1, 3, [], , 2024-01-18 15:37:14.287, 2024-01-18 15:37:14.287, 2025-01-18 15:37:14.287]

[2024-01-18 15:37:14]
select top 1 * from [oauth_access_tokens] where [id] = ? [38fe9cdb6184720a5c1bfb8a4debb488f81924a30eae679a45875800abb57e01282c63ce5a780160]

[2024-01-18 15:37:14]
update [oauth_access_tokens] set [name] = ?, [oauth_access_tokens].[updated_at] = ? where [id] = ? [bao-tang-vu-tru, 2024-01-18 15:37:14.320, 38fe9cdb6184720a5c1bfb8a4debb488f81924a30eae679a45875800abb57e01282c63ce5a780160]

[2024-01-18 15:37:20]
select top 1 * from [users] where [id] = ? and [users].[deleted_at] is null [1]

[2024-01-18 15:37:20]
select [permissions].*, [model_has_permissions].[model_id] as [pivot_model_id], [model_has_permissions].[permission_id] as [pivot_permission_id], [model_has_permissions].[model_type] as [pivot_model_type] from [permissions] inner join [model_has_permissions] on [permissions].[id] = [model_has_permissions].[permission_id] where [model_has_permissions].[model_id] = ? and [model_has_permissions].[model_type] = ? [1, App\Models\User]

[2024-01-18 15:37:20]
select [roles].*, [model_has_roles].[model_id] as [pivot_model_id], [model_has_roles].[role_id] as [pivot_role_id], [model_has_roles].[model_type] as [pivot_model_type] from [roles] inner join [model_has_roles] on [roles].[id] = [model_has_roles].[role_id] where [model_has_roles].[model_id] in (?) and [model_has_roles].[model_type] = ? [1, App\Models\User]

[2024-01-18 15:37:20]
select top 1 * from [users] where [id] = ? and [users].[deleted_at] is null [1]

[2024-01-18 15:37:20]
select [permissions].*, [model_has_permissions].[model_id] as [pivot_model_id], [model_has_permissions].[permission_id] as [pivot_permission_id], [model_has_permissions].[model_type] as [pivot_model_type] from [permissions] inner join [model_has_permissions] on [permissions].[id] = [model_has_permissions].[permission_id] where [model_has_permissions].[model_id] = ? and [model_has_permissions].[model_type] = ? [1, App\Models\User]

[2024-01-18 15:37:20]
select [roles].*, [model_has_roles].[model_id] as [pivot_model_id], [model_has_roles].[role_id] as [pivot_role_id], [model_has_roles].[model_type] as [pivot_model_type] from [roles] inner join [model_has_roles] on [roles].[id] = [model_has_roles].[role_id] where [model_has_roles].[model_id] in (?) and [model_has_roles].[model_type] = ? [1, App\Models\User]

[2024-01-18 15:37:20]
select count(*) as aggregate from [events] where ([is_delete] = ?) and [events].[deleted_at] is null [0]

[2024-01-18 15:37:20]
select top 20 * from [events] where ([is_delete] = ?) and [events].[deleted_at] is null order by [created_at] desc [0]

[2024-01-18 15:37:20]
select * from [ticket_types] where [ticket_types].[id] in (?, ?, ?, ?, ?) and [ticket_types].[deleted_at] is null [1F324F9E-37E3-3B90-6977-FF2FCCBCFEF6, 31B93655-7ABC-5239-3407-D06E06841B8F, 44627B51-B377-0ACC-06AE-BD8D8336AA91, 6AB8967F-2CA1-D87A-F4A7-9962AE679A2F, CF114E89-36E1-3AE5-604E-A1781FB4F6FB]

[2024-01-18 15:37:20]
select * from [tickets] where [tickets].[id] in (?, ?, ?, ?, ?, ?, ?, ?, ?, ?, ?, ?, ?, ?, ?, ?, ?) and [tickets].[deleted_at] is null [076A7C3D-D99F-C2AF-6774-A5A017DC7ABA, 07A8656A-3FD0-4C08-4933-51AB7798E982, 0D4722FD-8EFE-A66F-49E0-EACEA29BDC8D, 0E76AD43-8D7C-95FE-1101-4D8CD6841D18, 1515D9F9-EEA8-7187-1CFA-6ED10E350FC3, 19594F86-8664-CA3B-19FE-8608D1E31F88, 25F14A04-727B-5CE3-E8F6-48BECA30267B, 2A4DDA22-38DD-268B-C5A7-BA2F93D9B2AA, 30C1C507-D418-702F-F8F6-784D476AAE72, 435A3757-E6E2-910E-CEED-8E99B6F85481, 59E6B310-2C04-4361-68BE-2DDE6FB1B226, 59EED225-A9E4-C663-A823-79B66C13EA6B, 6E62D18C-312B-8FD2-2844-D6E0BCD4D78E, 946C3F10-58E6-03BC-13FA-E98CFBD61E3E, ADF44F06-6F51-6859-02DE-B2D5293C6196, D6629227-DA11-7074-5A7B-FCF788FAC931, DFE6591D-3FE4-6705-2A82-124C17AB5843]

[2024-01-18 15:37:20]
select * from [orders] where [orders].[id] in (?, ?, ?, ?, ?, ?, ?) and [orders].[deleted_at] is null [0CB769F5-1E17-A2E8-95E9-09EBC698BF74, 160E9EC8-B16E-E64A-036A-02453A780A73, 4D634B6F-142E-0E41-9A97-F35BF15BEA0B, 5FEEC6D4-DE1B-7F40-5F2D-3B65A2CE7A85, 9B9F15EF-A26D-177C-1B99-0CEA61F86D69, A78B96DB-0772-EE88-E7CC-486CDA153578, B4E19B24-CE6F-8D76-C9A1-66AC8A606311]

[2024-01-18 15:37:20]
select * from [customers] where [customers].[id] in (?, ?, ?, ?) and [customers].[deleted_at] is null [236003FF-6745-5B20-E8D6-F19C2DA2828D, 80C09484-1EAB-34BE-C85E-BCD7EFE80786, 85558E40-B233-6945-86B9-E20383BBCD1F, C67DC7B0-B45D-ACB3-9960-EBCE30BF29BE]

[2024-01-18 15:37:20]
select * from [events] where ([is_delete] = ?) and [events].[deleted_at] is null order by [created_at] desc [0]

[2024-01-18 15:37:20]
select * from [ticket_types] where [ticket_types].[id] in (?, ?, ?, ?, ?) and [ticket_types].[deleted_at] is null [1F324F9E-37E3-3B90-6977-FF2FCCBCFEF6, 31B93655-7ABC-5239-3407-D06E06841B8F, 44627B51-B377-0ACC-06AE-BD8D8336AA91, 6AB8967F-2CA1-D87A-F4A7-9962AE679A2F, CF114E89-36E1-3AE5-604E-A1781FB4F6FB]

[2024-01-18 15:37:20]
select * from [tickets] where [tickets].[id] in (?, ?, ?, ?, ?, ?, ?, ?, ?, ?, ?, ?, ?, ?, ?, ?, ?) and [tickets].[deleted_at] is null [076A7C3D-D99F-C2AF-6774-A5A017DC7ABA, 07A8656A-3FD0-4C08-4933-51AB7798E982, 0D4722FD-8EFE-A66F-49E0-EACEA29BDC8D, 0E76AD43-8D7C-95FE-1101-4D8CD6841D18, 1515D9F9-EEA8-7187-1CFA-6ED10E350FC3, 19594F86-8664-CA3B-19FE-8608D1E31F88, 25F14A04-727B-5CE3-E8F6-48BECA30267B, 2A4DDA22-38DD-268B-C5A7-BA2F93D9B2AA, 30C1C507-D418-702F-F8F6-784D476AAE72, 435A3757-E6E2-910E-CEED-8E99B6F85481, 59E6B310-2C04-4361-68BE-2DDE6FB1B226, 59EED225-A9E4-C663-A823-79B66C13EA6B, 6E62D18C-312B-8FD2-2844-D6E0BCD4D78E, 946C3F10-58E6-03BC-13FA-E98CFBD61E3E, ADF44F06-6F51-6859-02DE-B2D5293C6196, D6629227-DA11-7074-5A7B-FCF788FAC931, DFE6591D-3FE4-6705-2A82-124C17AB5843]

[2024-01-18 15:37:20]
select * from [orders] where [orders].[id] in (?, ?, ?, ?, ?, ?, ?) and [orders].[deleted_at] is null [0CB769F5-1E17-A2E8-95E9-09EBC698BF74, 160E9EC8-B16E-E64A-036A-02453A780A73, 4D634B6F-142E-0E41-9A97-F35BF15BEA0B, 5FEEC6D4-DE1B-7F40-5F2D-3B65A2CE7A85, 9B9F15EF-A26D-177C-1B99-0CEA61F86D69, A78B96DB-0772-EE88-E7CC-486CDA153578, B4E19B24-CE6F-8D76-C9A1-66AC8A606311]

[2024-01-18 15:37:20]
select * from [customers] where [customers].[id] in (?, ?, ?, ?) and [customers].[deleted_at] is null [236003FF-6745-5B20-E8D6-F19C2DA2828D, 80C09484-1EAB-34BE-C85E-BCD7EFE80786, 85558E40-B233-6945-86B9-E20383BBCD1F, C67DC7B0-B45D-ACB3-9960-EBCE30BF29BE]

[2024-01-18 15:37:20]
select * from [areas] where ([is_delete] = ?) and [areas].[deleted_at] is null order by [created_at] desc [0]

[2024-01-18 15:37:20]
select * from [services] where ([is_delete] = ?) and [services].[deleted_at] is null order by [created_at] desc [0]

[2024-01-18 15:37:21]
select * from [fun_spots] where ([is_delete] = ?) and [fun_spots].[deleted_at] is null order by [created_at] desc [0]

[2024-01-18 15:37:21]
select name from areas where  id=(select TOP 1 area_id from services where id=?) [31387F78-58E7-4875-AEBA-7A92B6D6412E]

[2024-01-18 15:37:21]
select name from areas where  id=(select TOP 1 area_id from services where id=?) [31387F78-58E7-4875-AEBA-7A92B6D6412E]

[2024-01-18 15:37:21]
select name from areas where  id=(select TOP 1 area_id from services where id=?) [31387F78-58E7-4875-AEBA-7A92B6D6412E]

[2024-01-18 15:37:21]
select name from areas where  id=(select TOP 1 area_id from services where id=?) [31387F78-58E7-4875-AEBA-7A92B6D6412E]

[2024-01-18 15:37:21]
select name from areas where  id=(select TOP 1 area_id from services where id=?) [31387F78-58E7-4875-AEBA-7A92B6D6412E]

[2024-01-18 15:37:21]
select name from areas where  id=(select TOP 1 area_id from services where id=?) [31387F78-58E7-4875-AEBA-7A92B6D6412E]

[2024-01-18 15:37:21]
select name from areas where  id=(select TOP 1 area_id from services where id=?) [31387F78-58E7-4875-AEBA-7A92B6D6412E]

[2024-01-18 15:37:21]
select name from areas where  id=(select TOP 1 area_id from services where id=?) [31387F78-58E7-4875-AEBA-7A92B6D6412E]

[2024-01-18 15:37:21]
select name from areas where  id=(select TOP 1 area_id from services where id=?) [31387F78-58E7-4875-AEBA-7A92B6D6412E]

[2024-01-18 15:37:21]
select name from areas where  id=(select TOP 1 area_id from services where id=?) [31387F78-58E7-4875-AEBA-7A92B6D6412E]

[2024-01-18 15:37:21]
select name from areas where  id=(select TOP 1 area_id from services where id=?) [31387F78-58E7-4875-AEBA-7A92B6D6412E]

[2024-01-18 15:37:21]
select name from areas where  id=(select TOP 1 area_id from fun_spots where id=?) [431F27E9-5E8F-0CC1-1AEE-3D554407F936]

[2024-01-18 15:37:21]
select name from areas where  id=? [A6DCCAC1-A53F-16C4-634B-837B3F5E890E]

[2024-01-18 15:37:21]
select name from areas where  id=? [A6DCCAC1-A53F-16C4-634B-837B3F5E890E]

[2024-01-18 15:37:21]
select name from areas where  id=? [A6DCCAC1-A53F-16C4-634B-837B3F5E890E]

[2024-01-18 15:37:21]
select name from areas where  id=? [A6DCCAC1-A53F-16C4-634B-837B3F5E890E]

[2024-01-18 15:37:21]
select name from areas where  id=? [A6DCCAC1-A53F-16C4-634B-837B3F5E890E]

[2024-01-18 15:37:21]
select top 1 1 [exists] from [oauth_personal_access_clients] []

[2024-01-18 15:37:21]
select top 1 * from [oauth_personal_access_clients] order by [id] desc []

[2024-01-18 15:37:21]
select top 1 * from [oauth_clients] where [oauth_clients].[id] = ? [3]

[2024-01-18 15:37:21]
select top 1 * from [oauth_clients] where [id] = ? [3]

[2024-01-18 15:37:21]
select top 1 * from [oauth_clients] where [id] = ? [3]

[2024-01-18 15:37:21]
insert into [oauth_access_tokens] ([id], [user_id], [client_id], [scopes], [revoked], [created_at], [updated_at], [expires_at]) values (?, ?, ?, ?, ?, ?, ?, ?) [7242bb0be8716beac2086a816989efe979fe9ad0eda743728f3226814ce5a1a0340c58cb3d8f44da, 1, 3, [], , 2024-01-18 15:37:21.265, 2024-01-18 15:37:21.265, 2025-01-18 15:37:21.265]

[2024-01-18 15:37:21]
select top 1 * from [oauth_access_tokens] where [id] = ? [7242bb0be8716beac2086a816989efe979fe9ad0eda743728f3226814ce5a1a0340c58cb3d8f44da]

[2024-01-18 15:37:21]
update [oauth_access_tokens] set [name] = ?, [oauth_access_tokens].[updated_at] = ? where [id] = ? [bao-tang-vu-tru, 2024-01-18 15:37:21.299, 7242bb0be8716beac2086a816989efe979fe9ad0eda743728f3226814ce5a1a0340c58cb3d8f44da]

[2024-01-18 15:38:17]
select top 1 * from [users] where [id] = ? and [users].[deleted_at] is null [1]

[2024-01-18 15:38:17]
select * from [orders] where [is_delete] = ? and [orders].[deleted_at] is null [0]

[2024-01-18 15:38:17]
select * from [orders] where [is_delete] = ? and [orders].[deleted_at] is null [0]

[2024-01-18 15:38:17]
select * from [users] where [is_delete] = ? and [users].[deleted_at] is null [0]

[2024-01-18 15:38:17]
select count(*) as aggregate from [orders] where ([code_order] LIKE ?) and [is_delete] = ? and [orders].[deleted_at] is null [%439922686%, 0]

[2024-01-18 15:38:17]
select top 15 * from [orders] where ([code_order] LIKE ?) and [is_delete] = ? and [orders].[deleted_at] is null order by [updated_at] desc [%439922686%, 0]

[2024-01-18 15:38:17]
select top 1 1 [exists] from [oauth_personal_access_clients] []

[2024-01-18 15:38:17]
select top 1 * from [oauth_personal_access_clients] order by [id] desc []

[2024-01-18 15:38:17]
select top 1 * from [oauth_clients] where [oauth_clients].[id] = ? [3]

[2024-01-18 15:38:17]
select top 1 * from [oauth_clients] where [id] = ? [3]

[2024-01-18 15:38:17]
select top 1 * from [oauth_clients] where [id] = ? [3]

[2024-01-18 15:38:17]
insert into [oauth_access_tokens] ([id], [user_id], [client_id], [scopes], [revoked], [created_at], [updated_at], [expires_at]) values (?, ?, ?, ?, ?, ?, ?, ?) [92c790b7b9c962d904eb10998c5fb0e16d6b37c8796ee394b0f4ae4ca569297770f359588fe9c88e, 1, 3, [], , 2024-01-18 15:38:17.745, 2024-01-18 15:38:17.745, 2025-01-18 15:38:17.745]

[2024-01-18 15:38:17]
select top 1 * from [oauth_access_tokens] where [id] = ? [92c790b7b9c962d904eb10998c5fb0e16d6b37c8796ee394b0f4ae4ca569297770f359588fe9c88e]

[2024-01-18 15:38:17]
update [oauth_access_tokens] set [name] = ?, [oauth_access_tokens].[updated_at] = ? where [id] = ? [bao-tang-vu-tru, 2024-01-18 15:38:17.779, 92c790b7b9c962d904eb10998c5fb0e16d6b37c8796ee394b0f4ae4ca569297770f359588fe9c88e]

[2024-01-18 15:38:17]
select [permissions].*, [model_has_permissions].[model_id] as [pivot_model_id], [model_has_permissions].[permission_id] as [pivot_permission_id], [model_has_permissions].[model_type] as [pivot_model_type] from [permissions] inner join [model_has_permissions] on [permissions].[id] = [model_has_permissions].[permission_id] where [model_has_permissions].[model_id] = ? and [model_has_permissions].[model_type] = ? [1, App\Models\User]

[2024-01-18 15:38:17]
select [roles].*, [model_has_roles].[model_id] as [pivot_model_id], [model_has_roles].[role_id] as [pivot_role_id], [model_has_roles].[model_type] as [pivot_model_type] from [roles] inner join [model_has_roles] on [roles].[id] = [model_has_roles].[role_id] where [model_has_roles].[model_id] in (?) and [model_has_roles].[model_type] = ? [1, App\Models\User]

