[2024-01-26 09:57:10]
select top 1 * from [users] where [user_name] = ? and [is_delete] = ? and [users].[deleted_at] is null [admin, 0]

[2024-01-26 09:57:10]
select top 1 * from [users] where [id] = ? and [users].[deleted_at] is null [1]

[2024-01-26 09:57:10]
select * from [ticket_types] where [is_delete] = ? and [ticket_types].[deleted_at] is null [0]

[2024-01-26 09:57:10]
select * from [orders] where [is_delete] = ? and [created_at] >= ? and [created_at] <= ? and [payment_status] = ? and [orders].[deleted_at] is null [0, 2024-01-01 00:00:00, 2024-01-31 23:59:59, 2]

[2024-01-26 09:57:10]
select * from [payment_status] where [payment_status].[order_id] in (?, ?, ?, ?) and [payment_status].[deleted_at] is null [51B9C8E3-A6A9-B618-2B83-B8980807185A, 52544606-ACED-9833-02FF-4C3015DD7EFD, 9C855B53-3018-98B6-12BC-AB3E6887E2D7, FADD4B8A-98F6-BF28-69BD-7E94BC966944]

[2024-01-26 09:57:10]
select * from [tickets] where [is_delete] = ? and [status] = ? and [created_at] >= ? and [created_at] <= ? and [tickets].[deleted_at] is null [0, 1, 2024-01-01 00:00:00, 2024-01-31 23:59:59]

[2024-01-26 09:57:11]
select top 1 1 [exists] from [oauth_personal_access_clients] []

[2024-01-26 09:57:11]
select top 1 * from [oauth_personal_access_clients] order by [id] desc []

[2024-01-26 09:57:11]
select top 1 * from [oauth_clients] where [oauth_clients].[id] = ? [3]

[2024-01-26 09:57:12]
select top 1 * from [oauth_clients] where [id] = ? [3]

[2024-01-26 09:57:12]
select top 1 * from [oauth_clients] where [id] = ? [3]

[2024-01-26 09:57:12]
insert into [oauth_access_tokens] ([id], [user_id], [client_id], [scopes], [revoked], [created_at], [updated_at], [expires_at]) values (?, ?, ?, ?, ?, ?, ?, ?) [2685a94e90be4e266f09fd1fa137219fa211ebb5fe894258936420a61e9ec0c573bed4affa21f68a, 1, 3, [], , 2024-01-26 09:57:12.154, 2024-01-26 09:57:12.154, 2025-01-26 09:57:12.153]

[2024-01-26 09:57:12]
select top 1 * from [oauth_access_tokens] where [id] = ? [2685a94e90be4e266f09fd1fa137219fa211ebb5fe894258936420a61e9ec0c573bed4affa21f68a]

[2024-01-26 09:57:12]
update [oauth_access_tokens] set [name] = ?, [oauth_access_tokens].[updated_at] = ? where [id] = ? [bao-tang-vu-tru, 2024-01-26 09:57:12.426, 2685a94e90be4e266f09fd1fa137219fa211ebb5fe894258936420a61e9ec0c573bed4affa21f68a]

[2024-01-26 09:57:12]
select * from [permissions] []

[2024-01-26 09:57:12]
select [roles].*, [role_has_permissions].[permission_id] as [pivot_permission_id], [role_has_permissions].[role_id] as [pivot_role_id] from [roles] inner join [role_has_permissions] on [roles].[id] = [role_has_permissions].[role_id] where [role_has_permissions].[permission_id] in (1, 2, 3, 4, 5, 6, 7, 8, 9, 10, 11, 12, 13, 14, 15, 16, 17, 18, 19, 20, 21, 22, 23, 24, 25, 28, 10030, 10031, 10032, 10033, 10034, 20029, 20030, 20031, 20032, 20033, 20034, 20035, 30032, 30033, 30034, 30035) []

[2024-01-26 09:57:12]
select [permissions].*, [model_has_permissions].[model_id] as [pivot_model_id], [model_has_permissions].[permission_id] as [pivot_permission_id], [model_has_permissions].[model_type] as [pivot_model_type] from [permissions] inner join [model_has_permissions] on [permissions].[id] = [model_has_permissions].[permission_id] where [model_has_permissions].[model_id] = ? and [model_has_permissions].[model_type] = ? [1, App\Models\User]

[2024-01-26 09:57:12]
select [roles].*, [model_has_roles].[model_id] as [pivot_model_id], [model_has_roles].[role_id] as [pivot_role_id], [model_has_roles].[model_type] as [pivot_model_type] from [roles] inner join [model_has_roles] on [roles].[id] = [model_has_roles].[role_id] where [model_has_roles].[model_id] in (?) and [model_has_roles].[model_type] = ? [1, App\Models\User]

[2024-01-26 09:57:13]
select top 1 * from [users] where [id] = ? and [users].[deleted_at] is null [1]

[2024-01-26 09:57:13]
select * from [orders] where [is_delete] = ? and [created_at] >= ? and [created_at] <= ? and [payment_status] = ? and [orders].[deleted_at] is null [0, 2024-01-01 00:00:00, 2024-01-31 23:59:59, 2]

[2024-01-26 09:57:13]
select * from [payment_status] where [payment_status].[order_id] in (?, ?, ?, ?) and [payment_status].[deleted_at] is null [51B9C8E3-A6A9-B618-2B83-B8980807185A, 52544606-ACED-9833-02FF-4C3015DD7EFD, 9C855B53-3018-98B6-12BC-AB3E6887E2D7, FADD4B8A-98F6-BF28-69BD-7E94BC966944]

