[2023-12-18 14:15:37]
select * from [permissions] []

[2023-12-18 14:15:42]
select top 1 * from [users] where [user_name] = ? and [is_delete] = ? and [users].[deleted_at] is null [admin, 0]

[2023-12-18 14:15:42]
select top 1 * from [users] where [id] = ? and [users].[deleted_at] is null [1]

[2023-12-18 14:15:43]
select top 1 1 [exists] from [oauth_personal_access_clients] []

[2023-12-18 14:15:43]
select top 1 * from [oauth_personal_access_clients] order by [id] desc []

[2023-12-18 14:15:43]
select top 1 * from [oauth_clients] where [oauth_clients].[id] = ? [3]

[2023-12-18 14:15:43]
select top 1 * from [oauth_clients] where [id] = ? [3]

[2023-12-18 14:15:43]
select top 1 * from [oauth_clients] where [id] = ? [3]

[2023-12-18 14:15:43]
insert into [oauth_access_tokens] ([id], [user_id], [client_id], [scopes], [revoked], [created_at], [updated_at], [expires_at]) values (?, ?, ?, ?, ?, ?, ?, ?) [3f939125ea08494399207a735f843f27bad6f6752a9ae8102ddf4a5a4f2c909b7be2c67bf5bb960f, 1, 3, [], , 2023-12-18 14:15:43.561, 2023-12-18 14:15:43.561, 2024-12-18 14:15:43.561]

[2023-12-18 14:15:43]
select top 1 * from [oauth_access_tokens] where [id] = ? [3f939125ea08494399207a735f843f27bad6f6752a9ae8102ddf4a5a4f2c909b7be2c67bf5bb960f]

[2023-12-18 14:15:43]
update [oauth_access_tokens] set [name] = ?, [oauth_access_tokens].[updated_at] = ? where [id] = ? [bao-tang-vu-tru, 2023-12-18 14:15:43.707, 3f939125ea08494399207a735f843f27bad6f6752a9ae8102ddf4a5a4f2c909b7be2c67bf5bb960f]

[2023-12-18 14:15:43]
select * from [permissions] []

[2023-12-18 14:15:44]
select [roles].*, [role_has_permissions].[permission_id] as [pivot_permission_id], [role_has_permissions].[role_id] as [pivot_role_id] from [roles] inner join [role_has_permissions] on [roles].[id] = [role_has_permissions].[role_id] where [role_has_permissions].[permission_id] in (1, 2, 3, 4, 5, 6, 7, 8, 9, 10, 11, 12, 13, 14, 15, 16, 17, 18, 19, 20, 21, 22, 23, 24, 25, 28) []

[2023-12-18 14:15:44]
select [permissions].*, [model_has_permissions].[model_id] as [pivot_model_id], [model_has_permissions].[permission_id] as [pivot_permission_id], [model_has_permissions].[model_type] as [pivot_model_type] from [permissions] inner join [model_has_permissions] on [permissions].[id] = [model_has_permissions].[permission_id] where [model_has_permissions].[model_id] = ? and [model_has_permissions].[model_type] = ? [1, App\Models\User]

[2023-12-18 14:15:44]
select [roles].*, [model_has_roles].[model_id] as [pivot_model_id], [model_has_roles].[role_id] as [pivot_role_id], [model_has_roles].[model_type] as [pivot_model_type] from [roles] inner join [model_has_roles] on [roles].[id] = [model_has_roles].[role_id] where [model_has_roles].[model_id] in (?) and [model_has_roles].[model_type] = ? [1, App\Models\User]

[2023-12-18 14:16:09]
select top 1 * from [users] where [id] = ? and [users].[deleted_at] is null [1]

[2023-12-18 14:16:09]
select top 1 1 [exists] from [oauth_personal_access_clients] []

[2023-12-18 14:16:09]
select top 1 * from [oauth_personal_access_clients] order by [id] desc []

[2023-12-18 14:16:09]
select top 1 * from [oauth_clients] where [oauth_clients].[id] = ? [3]

[2023-12-18 14:16:09]
select top 1 * from [oauth_clients] where [id] = ? [3]

[2023-12-18 14:16:10]
select top 1 * from [oauth_clients] where [id] = ? [3]

[2023-12-18 14:16:10]
insert into [oauth_access_tokens] ([id], [user_id], [client_id], [scopes], [revoked], [created_at], [updated_at], [expires_at]) values (?, ?, ?, ?, ?, ?, ?, ?) [49140705df7dc54676f9e1dcd7cef0b3da128b9e629af5b505ffed318decfa2446ec4600a3b71fe3, 1, 3, [], , 2023-12-18 14:16:10.008, 2023-12-18 14:16:10.008, 2024-12-18 14:16:10.008]

[2023-12-18 14:16:10]
select top 1 * from [oauth_access_tokens] where [id] = ? [49140705df7dc54676f9e1dcd7cef0b3da128b9e629af5b505ffed318decfa2446ec4600a3b71fe3]

[2023-12-18 14:16:10]
update [oauth_access_tokens] set [name] = ?, [oauth_access_tokens].[updated_at] = ? where [id] = ? [bao-tang-vu-tru, 2023-12-18 14:16:10.039, 49140705df7dc54676f9e1dcd7cef0b3da128b9e629af5b505ffed318decfa2446ec4600a3b71fe3]

[2023-12-18 14:16:10]
select [permissions].*, [model_has_permissions].[model_id] as [pivot_model_id], [model_has_permissions].[permission_id] as [pivot_permission_id], [model_has_permissions].[model_type] as [pivot_model_type] from [permissions] inner join [model_has_permissions] on [permissions].[id] = [model_has_permissions].[permission_id] where [model_has_permissions].[model_id] = ? and [model_has_permissions].[model_type] = ? [1, App\Models\User]

[2023-12-18 14:16:10]
select [roles].*, [model_has_roles].[model_id] as [pivot_model_id], [model_has_roles].[role_id] as [pivot_role_id], [model_has_roles].[model_type] as [pivot_model_type] from [roles] inner join [model_has_roles] on [roles].[id] = [model_has_roles].[role_id] where [model_has_roles].[model_id] in (?) and [model_has_roles].[model_type] = ? [1, App\Models\User]

[2023-12-18 14:17:19]
select top 1 * from [users] where [id] = ? and [users].[deleted_at] is null [1]

[2023-12-18 14:17:19]
select top 1 1 [exists] from [oauth_personal_access_clients] []

[2023-12-18 14:17:19]
select top 1 * from [oauth_personal_access_clients] order by [id] desc []

[2023-12-18 14:17:19]
select top 1 * from [oauth_clients] where [oauth_clients].[id] = ? [3]

[2023-12-18 14:17:19]
select top 1 * from [oauth_clients] where [id] = ? [3]

[2023-12-18 14:17:19]
select top 1 * from [oauth_clients] where [id] = ? [3]

[2023-12-18 14:17:19]
insert into [oauth_access_tokens] ([id], [user_id], [client_id], [scopes], [revoked], [created_at], [updated_at], [expires_at]) values (?, ?, ?, ?, ?, ?, ?, ?) [8dfa7874d1520aaad283df171ed6f4ca9d9e15724a78a0870459f3148869337c9bc1a7a6342deebe, 1, 3, [], , 2023-12-18 14:17:19.622, 2023-12-18 14:17:19.622, 2024-12-18 14:17:19.622]

[2023-12-18 14:17:19]
select top 1 * from [oauth_access_tokens] where [id] = ? [8dfa7874d1520aaad283df171ed6f4ca9d9e15724a78a0870459f3148869337c9bc1a7a6342deebe]

[2023-12-18 14:17:19]
update [oauth_access_tokens] set [name] = ?, [oauth_access_tokens].[updated_at] = ? where [id] = ? [bao-tang-vu-tru, 2023-12-18 14:17:19.653, 8dfa7874d1520aaad283df171ed6f4ca9d9e15724a78a0870459f3148869337c9bc1a7a6342deebe]

[2023-12-18 14:17:19]
select [permissions].*, [model_has_permissions].[model_id] as [pivot_model_id], [model_has_permissions].[permission_id] as [pivot_permission_id], [model_has_permissions].[model_type] as [pivot_model_type] from [permissions] inner join [model_has_permissions] on [permissions].[id] = [model_has_permissions].[permission_id] where [model_has_permissions].[model_id] = ? and [model_has_permissions].[model_type] = ? [1, App\Models\User]

[2023-12-18 14:17:19]
select [roles].*, [model_has_roles].[model_id] as [pivot_model_id], [model_has_roles].[role_id] as [pivot_role_id], [model_has_roles].[model_type] as [pivot_model_type] from [roles] inner join [model_has_roles] on [roles].[id] = [model_has_roles].[role_id] where [model_has_roles].[model_id] in (?) and [model_has_roles].[model_type] = ? [1, App\Models\User]

[2023-12-18 14:17:23]
select * from [ticket_types] where [is_delete] = ? and [type] != ? and [ticket_types].[deleted_at] is null [0, 1]

[2023-12-18 14:18:11]
select * from [ticket_types] where [is_delete] = ? and [type] != ? and [ticket_types].[deleted_at] is null [0, 1]

[2023-12-18 14:18:33]
select * from [ticket_types] where [is_delete] = ? and [type] != ? and [ticket_types].[deleted_at] is null [0, 1]

[2023-12-18 14:26:22]
select * from [ticket_types] where [is_delete] = ? and [type] != ? and [ticket_types].[deleted_at] is null [0, 1]

[2023-12-18 14:30:52]
select * from [ticket_types] where [is_delete] = ? and [type] != ? and [ticket_types].[deleted_at] is null [0, 1]

[2023-12-18 14:31:06]
select * from [ticket_types] where [is_delete] = ? and [type] != ? and [ticket_types].[deleted_at] is null [0, 1]

[2023-12-18 14:33:20]
select * from [ticket_types] where [is_delete] = ? and [type] != ? and [ticket_types].[deleted_at] is null [0, 1]

[2023-12-18 14:37:02]
select * from [ticket_types] where [is_delete] = ? and [type] != ? and [ticket_types].[deleted_at] is null [0, 1]

[2023-12-18 14:37:45]
select * from [ticket_types] where [is_delete] = ? and [type] != ? and [ticket_types].[deleted_at] is null [0, 1]

[2023-12-18 14:42:08]
select * from [ticket_types] where [is_delete] = ? and [type] != ? and [ticket_types].[deleted_at] is null [0, 1]

[2023-12-18 14:42:21]
select * from [ticket_types] where [is_delete] = ? and [type] != ? and [ticket_types].[deleted_at] is null [0, 1]

[2023-12-18 14:54:42]
select * from [ticket_types] where [is_delete] = ? and [type] != ? and [ticket_types].[deleted_at] is null [0, 1]

[2023-12-18 14:55:10]
select * from [ticket_types] where [is_delete] = ? and [type] != ? and [ticket_types].[deleted_at] is null [0, 1]

[2023-12-18 14:55:21]
select * from [ticket_types] where [is_delete] = ? and [type] != ? and [ticket_types].[deleted_at] is null [0, 1]

[2023-12-18 14:55:58]
select * from [ticket_types] where [is_delete] = ? and [type] != ? and [ticket_types].[deleted_at] is null [0, 1]

[2023-12-18 14:56:42]
select * from [ticket_types] where [is_delete] = ? and [type] != ? and [ticket_types].[deleted_at] is null [0, 1]

[2023-12-18 14:57:06]
select * from [ticket_types] where [is_delete] = ? and [type] != ? and [ticket_types].[deleted_at] is null [0, 1]

[2023-12-18 14:58:08]
select * from [ticket_types] where [is_delete] = ? and [type] != ? and [ticket_types].[deleted_at] is null [0, 1]

[2023-12-18 14:59:46]
select * from [ticket_types] where [is_delete] = ? and [type] != ? and [ticket_types].[deleted_at] is null [0, 1]

[2023-12-18 15:07:17]
select top 1 * from [ticket_types] where [is_delete] = ? and [ticket_types].[id] = ? and [ticket_types].[deleted_at] is null [0, 31B93655-7ABC-5239-3407-D06E06841B8F]

[2023-12-18 15:07:17]
select * from [maps] where [is_delete] = ? and [ticket_type_id] = ? and [maps].[deleted_at] is null [0, 31B93655-7ABC-5239-3407-D06E06841B8F]

[2023-12-18 15:07:18]
select top 1 * from [ticket_types] where [is_delete] = ? and [ticket_types].[id] = ? and [ticket_types].[deleted_at] is null [0, 54F0A456-842B-C656-4690-D4073CE7E8F3]

[2023-12-18 15:07:18]
select * from [maps] where [is_delete] = ? and [ticket_type_id] = ? and [maps].[deleted_at] is null [0, 54F0A456-842B-C656-4690-D4073CE7E8F3]

[2023-12-18 15:07:18]
select top 1 * from [ticket_types] where [is_delete] = ? and [ticket_types].[id] = ? and [ticket_types].[deleted_at] is null [0, 5C4A67CE-A950-330C-F5E7-E5FA72F587BD]

[2023-12-18 15:07:18]
select * from [maps] where [is_delete] = ? and [ticket_type_id] = ? and [maps].[deleted_at] is null [0, 5C4A67CE-A950-330C-F5E7-E5FA72F587BD]

[2023-12-18 15:07:19]
select top 1 * from [ticket_types] where [is_delete] = ? and [ticket_types].[id] = ? and [ticket_types].[deleted_at] is null [0, 31B93655-7ABC-5239-3407-D06E06841B8F]

[2023-12-18 15:07:19]
select * from [maps] where [is_delete] = ? and [ticket_type_id] = ? and [maps].[deleted_at] is null [0, 31B93655-7ABC-5239-3407-D06E06841B8F]

[2023-12-18 15:07:20]
select top 1 * from [ticket_types] where [is_delete] = ? and [ticket_types].[id] = ? and [ticket_types].[deleted_at] is null [0, 1F324F9E-37E3-3B90-6977-FF2FCCBCFEF6]

[2023-12-18 15:07:20]
select * from [maps] where [is_delete] = ? and [ticket_type_id] = ? and [maps].[deleted_at] is null [0, 1F324F9E-37E3-3B90-6977-FF2FCCBCFEF6]

[2023-12-18 15:07:20]
select top 1 * from [ticket_types] where [is_delete] = ? and [ticket_types].[id] = ? and [ticket_types].[deleted_at] is null [0, 2EFA7274-1210-E753-B04F-546E2FC47D4C]

[2023-12-18 15:07:20]
select * from [maps] where [is_delete] = ? and [ticket_type_id] = ? and [maps].[deleted_at] is null [0, 2EFA7274-1210-E753-B04F-546E2FC47D4C]

[2023-12-18 15:07:20]
select top 1 * from [ticket_types] where [is_delete] = ? and [ticket_types].[id] = ? and [ticket_types].[deleted_at] is null [0, AFA1DD0C-3CEB-4D1C-1429-1C593FC40411]

[2023-12-18 15:07:20]
select * from [maps] where [is_delete] = ? and [ticket_type_id] = ? and [maps].[deleted_at] is null [0, AFA1DD0C-3CEB-4D1C-1429-1C593FC40411]

[2023-12-18 15:07:31]
select * from [ticket_types] where [is_delete] = ? and [type] != ? and [ticket_types].[deleted_at] is null [0, 1]

[2023-12-18 15:08:34]
select * from [ticket_types] where [is_delete] = ? and [type] != ? and [ticket_types].[deleted_at] is null [0, 1]

[2023-12-18 15:08:42]
select * from [ticket_types] where [is_delete] = ? and [type] != ? and [ticket_types].[deleted_at] is null [0, 1]

[2023-12-18 15:18:10]
select * from [ticket_types] where [is_delete] = ? and [type] != ? and [ticket_types].[deleted_at] is null [0, 1]

[2023-12-18 15:20:16]
select * from [ticket_types] where [is_delete] = ? and [type] != ? and [ticket_types].[deleted_at] is null [0, 1]

[2023-12-18 15:23:28]
select * from [ticket_types] where [is_delete] = ? and [type] != ? and [ticket_types].[deleted_at] is null [0, 1]

[2023-12-18 15:24:12]
select * from [ticket_types] where [is_delete] = ? and [type] != ? and [ticket_types].[deleted_at] is null [0, 1]

[2023-12-18 15:24:13]
select top 1 * from [users] where [id] = ? and [users].[deleted_at] is null [1]

[2023-12-18 15:24:20]
select * from [ticket_types] where [is_delete] = ? and [type] != ? and [ticket_types].[deleted_at] is null [0, 1]

[2023-12-18 15:25:51]
select * from [ticket_types] where [is_delete] = ? and [type] != ? and [ticket_types].[deleted_at] is null [0, 1]

[2023-12-18 15:28:02]
select * from [ticket_types] where [is_delete] = ? and [type] != ? and [ticket_types].[deleted_at] is null [0, 1]

[2023-12-18 15:29:22]
select * from [ticket_types] where [is_delete] = ? and [type] != ? and [ticket_types].[deleted_at] is null [0, 1]

[2023-12-18 15:29:41]
select * from [ticket_types] where [is_delete] = ? and [type] != ? and [ticket_types].[deleted_at] is null [0, 1]

[2023-12-18 15:35:55]
select * from [ticket_types] where [is_delete] = ? and [type] != ? and [ticket_types].[deleted_at] is null [0, 1]

[2023-12-18 15:36:19]
select * from [ticket_types] where [is_delete] = ? and [type] != ? and [ticket_types].[deleted_at] is null [0, 1]

[2023-12-18 15:37:19]
select * from [ticket_types] where [is_delete] = ? and [type] != ? and [ticket_types].[deleted_at] is null [0, 1]

[2023-12-18 15:37:38]
select * from [ticket_types] where [is_delete] = ? and [type] != ? and [ticket_types].[deleted_at] is null [0, 1]

[2023-12-18 15:38:08]
select * from [ticket_types] where [is_delete] = ? and [type] != ? and [ticket_types].[deleted_at] is null [0, 1]

[2023-12-18 15:38:16]
select * from [ticket_types] where [is_delete] = ? and [type] != ? and [ticket_types].[deleted_at] is null [0, 1]

[2023-12-18 15:39:10]
select * from [ticket_types] where [is_delete] = ? and [type] != ? and [ticket_types].[deleted_at] is null [0, 1]

[2023-12-18 15:39:32]
select * from [ticket_types] where [is_delete] = ? and [type] != ? and [ticket_types].[deleted_at] is null [0, 1]

[2023-12-18 15:40:21]
select * from [ticket_types] where [is_delete] = ? and [type] != ? and [ticket_types].[deleted_at] is null [0, 1]

[2023-12-18 15:48:09]
select * from [ticket_types] where [is_delete] = ? and [type] != ? and [ticket_types].[deleted_at] is null [0, 1]

[2023-12-18 15:48:48]
select * from [ticket_types] where [is_delete] = ? and [type] != ? and [ticket_types].[deleted_at] is null [0, 1]

[2023-12-18 15:51:40]
select * from [ticket_types] where [is_delete] = ? and [type] != ? and [ticket_types].[deleted_at] is null [0, 1]

[2023-12-18 15:52:13]
select * from [ticket_types] where [is_delete] = ? and [type] != ? and [ticket_types].[deleted_at] is null [0, 1]

[2023-12-18 15:52:29]
select * from [ticket_types] where [is_delete] = ? and [type] != ? and [ticket_types].[deleted_at] is null [0, 1]

[2023-12-18 15:53:02]
select top 1 * from [ticket_types] where [is_delete] = ? and [ticket_types].[id] = ? and [ticket_types].[deleted_at] is null [0, 54F0A456-842B-C656-4690-D4073CE7E8F3]

[2023-12-18 15:53:02]
select * from [maps] where [is_delete] = ? and [ticket_type_id] = ? and [maps].[deleted_at] is null [0, 54F0A456-842B-C656-4690-D4073CE7E8F3]

[2023-12-18 15:53:03]
select top 1 * from [ticket_types] where [is_delete] = ? and [ticket_types].[id] = ? and [ticket_types].[deleted_at] is null [0, 31B93655-7ABC-5239-3407-D06E06841B8F]

[2023-12-18 15:53:03]
select * from [maps] where [is_delete] = ? and [ticket_type_id] = ? and [maps].[deleted_at] is null [0, 31B93655-7ABC-5239-3407-D06E06841B8F]

[2023-12-18 15:53:04]
select top 1 * from [ticket_types] where [is_delete] = ? and [ticket_types].[id] = ? and [ticket_types].[deleted_at] is null [0, 54F0A456-842B-C656-4690-D4073CE7E8F3]

[2023-12-18 15:53:04]
select * from [maps] where [is_delete] = ? and [ticket_type_id] = ? and [maps].[deleted_at] is null [0, 54F0A456-842B-C656-4690-D4073CE7E8F3]

[2023-12-18 15:53:05]
select top 1 * from [ticket_types] where [is_delete] = ? and [ticket_types].[id] = ? and [ticket_types].[deleted_at] is null [0, 5C4A67CE-A950-330C-F5E7-E5FA72F587BD]

[2023-12-18 15:53:05]
select * from [maps] where [is_delete] = ? and [ticket_type_id] = ? and [maps].[deleted_at] is null [0, 5C4A67CE-A950-330C-F5E7-E5FA72F587BD]

[2023-12-18 15:53:06]
select top 1 * from [ticket_types] where [is_delete] = ? and [ticket_types].[id] = ? and [ticket_types].[deleted_at] is null [0, 1F324F9E-37E3-3B90-6977-FF2FCCBCFEF6]

[2023-12-18 15:53:06]
select * from [maps] where [is_delete] = ? and [ticket_type_id] = ? and [maps].[deleted_at] is null [0, 1F324F9E-37E3-3B90-6977-FF2FCCBCFEF6]

[2023-12-18 15:53:11]
select top 1 * from [ticket_types] where [is_delete] = ? and [ticket_types].[id] = ? and [ticket_types].[deleted_at] is null [0, 2EFA7274-1210-E753-B04F-546E2FC47D4C]

[2023-12-18 15:53:11]
select * from [maps] where [is_delete] = ? and [ticket_type_id] = ? and [maps].[deleted_at] is null [0, 2EFA7274-1210-E753-B04F-546E2FC47D4C]

[2023-12-18 15:53:11]
select top 1 * from [ticket_types] where [is_delete] = ? and [ticket_types].[id] = ? and [ticket_types].[deleted_at] is null [0, AFA1DD0C-3CEB-4D1C-1429-1C593FC40411]

[2023-12-18 15:53:11]
select * from [maps] where [is_delete] = ? and [ticket_type_id] = ? and [maps].[deleted_at] is null [0, AFA1DD0C-3CEB-4D1C-1429-1C593FC40411]

[2023-12-18 15:53:12]
select top 1 * from [ticket_types] where [is_delete] = ? and [ticket_types].[id] = ? and [ticket_types].[deleted_at] is null [0, 31B93655-7ABC-5239-3407-D06E06841B8F]

[2023-12-18 15:53:12]
select * from [maps] where [is_delete] = ? and [ticket_type_id] = ? and [maps].[deleted_at] is null [0, 31B93655-7ABC-5239-3407-D06E06841B8F]

[2023-12-18 15:53:13]
select top 1 * from [ticket_types] where [is_delete] = ? and [ticket_types].[id] = ? and [ticket_types].[deleted_at] is null [0, 54F0A456-842B-C656-4690-D4073CE7E8F3]

[2023-12-18 15:53:13]
select * from [maps] where [is_delete] = ? and [ticket_type_id] = ? and [maps].[deleted_at] is null [0, 54F0A456-842B-C656-4690-D4073CE7E8F3]

[2023-12-18 15:53:13]
select top 1 * from [ticket_types] where [is_delete] = ? and [ticket_types].[id] = ? and [ticket_types].[deleted_at] is null [0, 5C4A67CE-A950-330C-F5E7-E5FA72F587BD]

[2023-12-18 15:53:13]
select * from [maps] where [is_delete] = ? and [ticket_type_id] = ? and [maps].[deleted_at] is null [0, 5C4A67CE-A950-330C-F5E7-E5FA72F587BD]

[2023-12-18 15:53:14]
select top 1 * from [ticket_types] where [is_delete] = ? and [ticket_types].[id] = ? and [ticket_types].[deleted_at] is null [0, 1F324F9E-37E3-3B90-6977-FF2FCCBCFEF6]

[2023-12-18 15:53:14]
select * from [maps] where [is_delete] = ? and [ticket_type_id] = ? and [maps].[deleted_at] is null [0, 1F324F9E-37E3-3B90-6977-FF2FCCBCFEF6]

[2023-12-18 15:53:15]
select top 1 * from [ticket_types] where [is_delete] = ? and [ticket_types].[id] = ? and [ticket_types].[deleted_at] is null [0, 2EFA7274-1210-E753-B04F-546E2FC47D4C]

[2023-12-18 15:53:15]
select * from [maps] where [is_delete] = ? and [ticket_type_id] = ? and [maps].[deleted_at] is null [0, 2EFA7274-1210-E753-B04F-546E2FC47D4C]

[2023-12-18 15:53:15]
select top 1 * from [ticket_types] where [is_delete] = ? and [ticket_types].[id] = ? and [ticket_types].[deleted_at] is null [0, AFA1DD0C-3CEB-4D1C-1429-1C593FC40411]

[2023-12-18 15:53:15]
select * from [maps] where [is_delete] = ? and [ticket_type_id] = ? and [maps].[deleted_at] is null [0, AFA1DD0C-3CEB-4D1C-1429-1C593FC40411]

[2023-12-18 15:53:16]
select top 1 * from [ticket_types] where [is_delete] = ? and [ticket_types].[id] = ? and [ticket_types].[deleted_at] is null [0, 31B93655-7ABC-5239-3407-D06E06841B8F]

[2023-12-18 15:53:16]
select * from [maps] where [is_delete] = ? and [ticket_type_id] = ? and [maps].[deleted_at] is null [0, 31B93655-7ABC-5239-3407-D06E06841B8F]

[2023-12-18 15:53:18]
select top 1 * from [ticket_types] where [is_delete] = ? and [ticket_types].[id] = ? and [ticket_types].[deleted_at] is null [0, 54F0A456-842B-C656-4690-D4073CE7E8F3]

[2023-12-18 15:53:18]
select * from [maps] where [is_delete] = ? and [ticket_type_id] = ? and [maps].[deleted_at] is null [0, 54F0A456-842B-C656-4690-D4073CE7E8F3]

[2023-12-18 15:53:19]
select top 1 * from [ticket_types] where [is_delete] = ? and [ticket_types].[id] = ? and [ticket_types].[deleted_at] is null [0, 5C4A67CE-A950-330C-F5E7-E5FA72F587BD]

[2023-12-18 15:53:19]
select * from [maps] where [is_delete] = ? and [ticket_type_id] = ? and [maps].[deleted_at] is null [0, 5C4A67CE-A950-330C-F5E7-E5FA72F587BD]

[2023-12-18 15:53:20]
select top 1 * from [ticket_types] where [is_delete] = ? and [ticket_types].[id] = ? and [ticket_types].[deleted_at] is null [0, 1F324F9E-37E3-3B90-6977-FF2FCCBCFEF6]

[2023-12-18 15:53:20]
select * from [maps] where [is_delete] = ? and [ticket_type_id] = ? and [maps].[deleted_at] is null [0, 1F324F9E-37E3-3B90-6977-FF2FCCBCFEF6]

[2023-12-18 15:53:20]
select top 1 * from [ticket_types] where [is_delete] = ? and [ticket_types].[id] = ? and [ticket_types].[deleted_at] is null [0, 2EFA7274-1210-E753-B04F-546E2FC47D4C]

[2023-12-18 15:53:20]
select * from [maps] where [is_delete] = ? and [ticket_type_id] = ? and [maps].[deleted_at] is null [0, 2EFA7274-1210-E753-B04F-546E2FC47D4C]

[2023-12-18 15:53:21]
select top 1 * from [ticket_types] where [is_delete] = ? and [ticket_types].[id] = ? and [ticket_types].[deleted_at] is null [0, AFA1DD0C-3CEB-4D1C-1429-1C593FC40411]

[2023-12-18 15:53:21]
select * from [maps] where [is_delete] = ? and [ticket_type_id] = ? and [maps].[deleted_at] is null [0, AFA1DD0C-3CEB-4D1C-1429-1C593FC40411]

[2023-12-18 15:55:25]
select * from [ticket_types] where [is_delete] = ? and [type] != ? and [ticket_types].[deleted_at] is null [0, 1]

[2023-12-18 15:55:45]
select top 1 * from [users] where [id] = ? and [users].[deleted_at] is null [1]

[2023-12-18 15:55:45]
select count(*) as aggregate from [orders] where [is_delete] = ? and [orders].[deleted_at] is null [0]

[2023-12-18 15:55:45]
select top 20 * from [orders] where [is_delete] = ? and [orders].[deleted_at] is null order by [updated_at] desc [0]

[2023-12-18 15:55:45]
select top 1 * from [users] where [users].[id] = ? and [users].[deleted_at] is null [1]

[2023-12-18 15:55:45]
select top 1 * from [users] where [users].[id] = ? and [users].[deleted_at] is null [1]

[2023-12-18 15:55:45]
select top 1 1 [exists] from [oauth_personal_access_clients] []

[2023-12-18 15:55:45]
select top 1 * from [oauth_personal_access_clients] order by [id] desc []

[2023-12-18 15:55:45]
select top 1 * from [oauth_clients] where [oauth_clients].[id] = ? [3]

[2023-12-18 15:55:45]
select top 1 * from [oauth_clients] where [id] = ? [3]

[2023-12-18 15:55:45]
select top 1 * from [oauth_clients] where [id] = ? [3]

[2023-12-18 15:55:45]
insert into [oauth_access_tokens] ([id], [user_id], [client_id], [scopes], [revoked], [created_at], [updated_at], [expires_at]) values (?, ?, ?, ?, ?, ?, ?, ?) [82cc5f76265ce0283e15d8d09d8a213fb8ada2cbfe535f1eddf99dcc660e0aef9458f5db68c1c1ae, 1, 3, [], , 2023-12-18 15:55:45.934, 2023-12-18 15:55:45.934, 2024-12-18 15:55:45.934]

[2023-12-18 15:55:45]
select top 1 * from [oauth_access_tokens] where [id] = ? [82cc5f76265ce0283e15d8d09d8a213fb8ada2cbfe535f1eddf99dcc660e0aef9458f5db68c1c1ae]

[2023-12-18 15:55:45]
update [oauth_access_tokens] set [name] = ?, [oauth_access_tokens].[updated_at] = ? where [id] = ? [bao-tang-vu-tru, 2023-12-18 15:55:45.966, 82cc5f76265ce0283e15d8d09d8a213fb8ada2cbfe535f1eddf99dcc660e0aef9458f5db68c1c1ae]

[2023-12-18 15:55:45]
select [permissions].*, [model_has_permissions].[model_id] as [pivot_model_id], [model_has_permissions].[permission_id] as [pivot_permission_id], [model_has_permissions].[model_type] as [pivot_model_type] from [permissions] inner join [model_has_permissions] on [permissions].[id] = [model_has_permissions].[permission_id] where [model_has_permissions].[model_id] = ? and [model_has_permissions].[model_type] = ? [1, App\Models\User]

[2023-12-18 15:55:46]
select [roles].*, [model_has_roles].[model_id] as [pivot_model_id], [model_has_roles].[role_id] as [pivot_role_id], [model_has_roles].[model_type] as [pivot_model_type] from [roles] inner join [model_has_roles] on [roles].[id] = [model_has_roles].[role_id] where [model_has_roles].[model_id] in (?) and [model_has_roles].[model_type] = ? [1, App\Models\User]

[2023-12-18 16:03:19]
select * from [ticket_types] where [is_delete] = ? and [type] != ? and [ticket_types].[deleted_at] is null [0, 1]

[2023-12-18 16:05:52]
select * from [ticket_types] where [is_delete] = ? and [type] != ? and [ticket_types].[deleted_at] is null [0, 1]

[2023-12-18 16:06:07]
select * from [ticket_types] where [is_delete] = ? and [type] != ? and [ticket_types].[deleted_at] is null [0, 1]

[2023-12-18 16:06:46]
select * from [ticket_types] where [is_delete] = ? and [type] != ? and [ticket_types].[deleted_at] is null [0, 1]

[2023-12-18 16:07:41]
select * from [ticket_types] where [is_delete] = ? and [type] != ? and [ticket_types].[deleted_at] is null [0, 1]

[2023-12-18 16:07:43]
select * from [ticket_types] where [is_delete] = ? and [type] != ? and [ticket_types].[deleted_at] is null [0, 1]

[2023-12-18 16:09:16]
select * from [ticket_types] where [is_delete] = ? and [type] != ? and [ticket_types].[deleted_at] is null [0, 1]

[2023-12-18 16:09:56]
select * from [ticket_types] where [is_delete] = ? and [type] != ? and [ticket_types].[deleted_at] is null [0, 1]

[2023-12-18 16:10:19]
select * from [ticket_types] where [is_delete] = ? and [type] != ? and [ticket_types].[deleted_at] is null [0, 1]

[2023-12-18 16:15:02]
select * from [ticket_types] where [is_delete] = ? and [type] != ? and [ticket_types].[deleted_at] is null [0, 1]

[2023-12-18 16:15:24]
select * from [ticket_types] where [is_delete] = ? and [type] != ? and [ticket_types].[deleted_at] is null [0, 1]

[2023-12-18 16:15:43]
select * from [ticket_types] where [is_delete] = ? and [type] != ? and [ticket_types].[deleted_at] is null [0, 1]

[2023-12-18 16:15:47]
select * from [ticket_types] where [is_delete] = ? and [type] != ? and [ticket_types].[deleted_at] is null [0, 1]

[2023-12-18 16:15:59]
select * from [ticket_types] where [is_delete] = ? and [type] != ? and [ticket_types].[deleted_at] is null [0, 1]

[2023-12-18 16:16:00]
select * from [ticket_types] where [is_delete] = ? and [type] != ? and [ticket_types].[deleted_at] is null [0, 1]

[2023-12-18 16:16:09]
select * from [ticket_types] where [is_delete] = ? and [type] != ? and [ticket_types].[deleted_at] is null [0, 1]

[2023-12-18 16:16:14]
select * from [ticket_types] where [is_delete] = ? and [type] != ? and [ticket_types].[deleted_at] is null [0, 1]

[2023-12-18 16:23:20]
select * from [ticket_types] where [is_delete] = ? and [type] != ? and [ticket_types].[deleted_at] is null [0, 1]

[2023-12-18 16:23:40]
select * from [ticket_types] where [is_delete] = ? and [type] != ? and [ticket_types].[deleted_at] is null [0, 1]

[2023-12-18 16:23:59]
select * from [ticket_types] where [is_delete] = ? and [type] != ? and [ticket_types].[deleted_at] is null [0, 1]

[2023-12-18 16:25:01]
select * from [ticket_types] where [is_delete] = ? and [type] != ? and [ticket_types].[deleted_at] is null [0, 1]

[2023-12-18 16:27:00]
select * from [ticket_types] where [is_delete] = ? and [type] != ? and [ticket_types].[deleted_at] is null [0, 1]

[2023-12-18 16:27:59]
select * from [ticket_types] where [is_delete] = ? and [type] != ? and [ticket_types].[deleted_at] is null [0, 1]

[2023-12-18 16:28:03]
select * from [ticket_types] where [is_delete] = ? and [type] != ? and [ticket_types].[deleted_at] is null [0, 1]

[2023-12-18 16:28:23]
select * from [ticket_types] where [is_delete] = ? and [type] != ? and [ticket_types].[deleted_at] is null [0, 1]

[2023-12-18 16:32:21]
select * from [ticket_types] where [is_delete] = ? and [type] != ? and [ticket_types].[deleted_at] is null [0, 1]

[2023-12-18 16:35:14]
select * from [ticket_types] where [is_delete] = ? and [type] != ? and [ticket_types].[deleted_at] is null [0, 1]

[2023-12-18 16:35:23]
select * from [ticket_types] where [is_delete] = ? and [type] != ? and [ticket_types].[deleted_at] is null [0, 1]

[2023-12-18 16:36:06]
select * from [ticket_types] where [is_delete] = ? and [type] != ? and [ticket_types].[deleted_at] is null [0, 1]

[2023-12-18 16:48:12]
select * from [ticket_types] where [is_delete] = ? and [type] != ? and [ticket_types].[deleted_at] is null [0, 1]

[2023-12-18 16:49:00]
select * from [ticket_types] where [is_delete] = ? and [type] != ? and [ticket_types].[deleted_at] is null [0, 1]

[2023-12-18 16:49:09]
select * from [ticket_types] where [is_delete] = ? and [type] != ? and [ticket_types].[deleted_at] is null [0, 1]

[2023-12-18 16:49:23]
select * from [ticket_types] where [is_delete] = ? and [type] != ? and [ticket_types].[deleted_at] is null [0, 1]

[2023-12-18 16:49:38]
select * from [ticket_types] where [is_delete] = ? and [type] != ? and [ticket_types].[deleted_at] is null [0, 1]

[2023-12-18 17:07:15]
select top 1 * from [ticket_types] where [is_delete] = ? and [ticket_types].[id] = ? and [ticket_types].[deleted_at] is null [0, 31B93655-7ABC-5239-3407-D06E06841B8F]

[2023-12-18 17:07:15]
select * from [maps] where [is_delete] = ? and [ticket_type_id] = ? and [maps].[deleted_at] is null [0, 31B93655-7ABC-5239-3407-D06E06841B8F]

[2023-12-18 17:08:08]
select * from [ticket_types] where [is_delete] = ? and [type] != ? and [ticket_types].[deleted_at] is null [0, 1]

[2023-12-18 17:12:12]
select * from [ticket_types] where [is_delete] = ? and [type] != ? and [ticket_types].[deleted_at] is null [0, 1]

[2023-12-18 17:12:20]
select * from [ticket_types] where [is_delete] = ? and [type] != ? and [ticket_types].[deleted_at] is null [0, 1]

[2023-12-18 17:12:37]
select * from [ticket_types] where [is_delete] = ? and [type] != ? and [ticket_types].[deleted_at] is null [0, 1]

[2023-12-18 17:13:15]
select * from [ticket_types] where [is_delete] = ? and [type] != ? and [ticket_types].[deleted_at] is null [0, 1]

